#
# A fatal error has been detected by the Java Runtime Environment:
#
#  SIGSEGV (0xb) at pc=0xb5954693, pid=11064, tid=2963540848
#
# JRE version: 6.0_24-b24
# Java VM: OpenJDK Client VM (20.0-b12 mixed mode, sharing linux-x86 )
# Derivative: IcedTea6 1.11.5
# Distribution: Ubuntu 11.04, package 6b24-1.11.5-0ubuntu1~11.04.1
# Problematic frame:
# J  org.eclipse.equinox.internal.p2.metadata.VersionFormat.parse(Ljava/lang/String;II)Ljava/util/List;
#
# If you would like to submit a bug report, please include
# instructions how to reproduce the bug and visit:
#   https://bugs.launchpad.net/ubuntu/+source/openjdk-6/
#

---------------  T H R E A D  ---------------

Current thread (0x088ed000):  JavaThread "Thread-8" [_thread_in_Java, id=11206, stack(0xb0940000,0xb0a41000)]

siginfo:si_signo=SIGSEGV: si_errno=0, si_code=128 (), si_addr=0x00000000

Registers:
EAX=0x50290a10, EBX=0x00000002, ECX=0x50290a80, EDX=0x00000000
ESP=0xb0a3f7f0, EBP=0xb0a3f8cc, ESI=0x50290a80, EDI=0x00000001
EIP=0xb5954693, EFLAGS=0x00210246, CR2=0xb770e100

Top of Stack: (sp=0xb0a3f7f0)
0xb0a3f7f0:   00000000 50290a80 502909e0 00000005
0xb0a3f800:   50290a10 50290a04 0000000a 0118350a
0xb0a3f810:   0889e548 088ed000 b0a3f858 0118344e
0xb0a3f820:   b0a3f88c 09021334 09020f48 0163fff4
0xb0a3f830:   502909b0 00000000 4f4dc020 502909f8
0xb0a3f840:   089f7320 7f56e198 502909e0 4f4ddf50
0xb0a3f850:   50290a10 50290a68 50290a80 4f4ddf50
0xb0a3f860:   4f4dbfc0 00000001 00000000 7f56e198 

Instructions: (pc=0xb5954693)
0xb5954673:   ff 8b f0 8b 44 24 7c 83 f8 00 0f 85 bb 00 00 00
0xb5954683:   e9 aa 00 00 00 8b 74 24 68 8b 50 18 8b ce 90 90
0xb5954693:   e8 78 19 00 00 8b 74 24 68 8b 56 0c 42 8b ce 89
0xb59546a3:   84 24 80 00 00 00 90 90 e8 b0 cb c6 ff 8b 44 24 

Register to memory mapping:

EAX=
[error occurred during error reporting (printing register info), id 0xb]

Stack: [0xb0940000,0xb0a41000],  sp=0xb0a3f7f0,  free space=1021k
Native frames: (J=compiled Java code, j=interpreted, Vv=VM code, C=native code)
J  org.eclipse.equinox.internal.p2.metadata.VersionFormat.parse(Ljava/lang/String;II)Ljava/util/List;
j  org.eclipse.equinox.p2.metadata.VersionRange.<init>(Ljava/lang/String;)V+930
j  org.eclipse.equinox.internal.p2.persistence.XMLParser.checkVersionRange(Ljava/lang/String;Ljava/lang/String;Ljava/lang/String;)Lorg/eclipse/equinox/p2/metadata/VersionRange;+9
j  org.eclipse.equinox.internal.p2.metadata.repository.io.MetadataParser$RequirementHandler.<init>(Lorg/eclipse/equinox/internal/p2/metadata/repository/io/MetadataParser;Lorg/eclipse/equinox/internal/p2/persistence/XMLParser$AbstractHandler;Lorg/xml/sax/Attributes;Ljava/util/List;)V+79
j  org.eclipse.equinox.internal.p2.metadata.repository.io.MetadataParser$RequiredCapabilitiesHandler.startElement(Ljava/lang/String;Lorg/xml/sax/Attributes;)V+22
J  org.eclipse.equinox.internal.p2.persistence.XMLParser$AbstractHandler.startElement(Ljava/lang/String;Ljava/lang/String;Ljava/lang/String;Lorg/xml/sax/Attributes;)V
j  com.sun.org.apache.xerces.internal.parsers.XML11Configuration.parse(Lcom/sun/org/apache/xerces/internal/xni/parser/XMLInputSource;)V+29
j  com.sun.org.apache.xerces.internal.parsers.XMLParser.parse(Lcom/sun/org/apache/xerces/internal/xni/parser/XMLInputSource;)V+9
j  com.sun.org.apache.xerces.internal.parsers.AbstractSAXParser.parse(Lorg/xml/sax/InputSource;)V+43
j  com.sun.org.apache.xerces.internal.jaxp.SAXParserImpl$JAXPSAXParser.parse(Lorg/xml/sax/InputSource;)V+43
j  org.eclipse.equinox.internal.p2.engine.SimpleProfileRegistry$Parser.parse(Ljava/io/InputStream;)V+51
j  org.eclipse.equinox.internal.p2.engine.SimpleProfileRegistry$Parser.parse(Ljava/io/File;)V+56
j  org.eclipse.equinox.internal.p2.engine.SimpleProfileRegistry.restore()Ljava/util/Map;+192
j  org.eclipse.equinox.internal.p2.engine.SimpleProfileRegistry.getProfileMap()Ljava/util/Map;+25
j  org.eclipse.equinox.internal.p2.engine.SimpleProfileRegistry.internalGetProfile(Ljava/lang/String;)Lorg/eclipse/equinox/internal/p2/engine/Profile;+16
j  org.eclipse.equinox.internal.p2.engine.SimpleProfileRegistry.getProfile(Ljava/lang/String;)Lorg/eclipse/equinox/p2/engine/IProfile;+2
j  org.eclipse.equinox.internal.p2.updatechecker.UpdateChecker.checkForUpdates(Ljava/lang/String;Lorg/eclipse/equinox/p2/query/IQuery;)Ljava/util/Collection;+5
j  org.eclipse.equinox.internal.p2.updatechecker.UpdateChecker$UpdateCheckThread.run()V+83
v  ~StubRoutines::call_stub
V  [libjvm.so+0x20afd2]  JavaCalls::call_helper(JavaValue*, methodHandle*, JavaCallArguments*, Thread*)+0x262
V  [libjvm.so+0x304e29]  os::os_exception_wrapper(void (*)(JavaValue*, methodHandle*, JavaCallArguments*, Thread*), JavaValue*, methodHandle*, JavaCallArguments*, Thread*)+0x19
V  [libjvm.so+0x20a4cf]  JavaCalls::call(JavaValue*, methodHandle, JavaCallArguments*, Thread*)+0x2f
V  [libjvm.so+0x20a94a]  JavaCalls::call_virtual(JavaValue*, KlassHandle, symbolHandle, symbolHandle, JavaCallArguments*, Thread*)+0xea
V  [libjvm.so+0x20aaa8]  JavaCalls::call_virtual(JavaValue*, Handle, KlassHandle, symbolHandle, symbolHandle, Thread*)+0x58
V  [libjvm.so+0x23bfef]  thread_entry(JavaThread*, Thread*)+0x7f
V  [libjvm.so+0x3b085c]  JavaThread::thread_main_inner()+0x6c
V  [libjvm.so+0x3b0939]  JavaThread::run()+0xc9
V  [libjvm.so+0x303061]  java_start(Thread*)+0x121
C  [libpthread.so.0+0x5e99]  start_thread+0xd9


---------------  P R O C E S S  ---------------

Java Threads: ( => current thread )
=>0x088ed000 JavaThread "Thread-8" [_thread_in_Java, id=11206, stack(0xb0940000,0xb0a41000)]
  0x08c6a800 JavaThread "Worker-16" [_thread_blocked, id=11203, stack(0xb0b42000,0xb0c43000)]
  0x08d13c00 JavaThread "Worker-15" [_thread_blocked, id=11202, stack(0xb0c43000,0xb0d44000)]
  0x08bc0800 JavaThread "Worker-14" [_thread_blocked, id=11201, stack(0xb0d44000,0xb0e45000)]
  0x08f85800 JavaThread "Worker-13" [_thread_blocked, id=11200, stack(0xb0e45000,0xb0f46000)]
  0x08a9c400 JavaThread "Worker-12" [_thread_blocked, id=11199, stack(0xb0f46000,0xb1047000)]
  0x08945000 JavaThread "Worker-11" [_thread_blocked, id=11198, stack(0xb1047000,0xb1148000)]
  0x08941c00 JavaThread "Worker-10" [_thread_blocked, id=11197, stack(0xb1148000,0xb1249000)]
  0x08940000 JavaThread "Worker-9" [_thread_blocked, id=11196, stack(0xb1249000,0xb134a000)]
  0x08a95800 JavaThread "Worker-8" [_thread_blocked, id=11195, stack(0xb134a000,0xb144b000)]
  0x0892f800 JavaThread "Worker-7" [_thread_blocked, id=11194, stack(0xb144b000,0xb154c000)]
  0x090ccc00 JavaThread "Worker-6" [_thread_blocked, id=11193, stack(0xb154c000,0xb164d000)]
  0x08c2f000 JavaThread "Worker-5" [_thread_blocked, id=11192, stack(0xb164d000,0xb174e000)]
  0x08aaf400 JavaThread "Worker-4" [_thread_blocked, id=11191, stack(0xb174e000,0xb184f000)]
  0x08b0cc00 JavaThread "Worker-3" [_thread_blocked, id=11190, stack(0xb21b5000,0xb22b6000)]
  0x08af7c00 JavaThread "Worker-2" [_thread_blocked, id=11189, stack(0xb22d8000,0xb23d9000)]
  0xb40d7c00 JavaThread "org.eclipse.jdt.internal.ui.text.JavaReconciler" daemon [_thread_blocked, id=11186, stack(0xb1a8a000,0xb1b8b000)]
  0xb40fd800 JavaThread "Worker-1" [_thread_blocked, id=11182, stack(0xb1c45000,0xb1d46000)]
  0x0891b000 JavaThread "com.google.inject.internal.util.$Finalizer" daemon [_thread_blocked, id=11173, stack(0xb1d46000,0xb1e47000)]
  0x08eba800 JavaThread "Timer-0" daemon [_thread_blocked, id=11171, stack(0xb1f2b000,0xb202c000)]
  0x08e76800 JavaThread "Java indexing" daemon [_thread_blocked, id=11170, stack(0xb202c000,0xb212d000)]
  0x08b31000 JavaThread "Worker-0" [_thread_blocked, id=11165, stack(0xb23d9000,0xb24da000)]
  0x08abf800 JavaThread "[ThreadPool Manager] - Idle Thread" daemon [_thread_blocked, id=11163, stack(0xb24da000,0xb25db000)]
  0xb3e07800 JavaThread "Thread-1" daemon [_thread_blocked, id=11155, stack(0xb39fd000,0xb3afe000)]
  0x08bbb400 JavaThread "Worker-JM" [_thread_blocked, id=11154, stack(0xb37fb000,0xb38fc000)]
  0x08bae400 JavaThread "[Timer] - Main Queue Handler" daemon [_thread_blocked, id=11153, stack(0xb38fc000,0xb39fd000)]
  0x088fa000 JavaThread "Framework Event Dispatcher" daemon [_thread_blocked, id=11151, stack(0xb3afe000,0xb3bff000)]
  0xb3e98c00 JavaThread "Start Level Event Dispatcher" daemon [_thread_blocked, id=11150, stack(0xb3bff000,0xb3d00000)]
  0x08c7a400 JavaThread "Bundle File Closer" daemon [_thread_blocked, id=11128, stack(0xb4196000,0xb4297000)]
  0x08a5e000 JavaThread "State Data Manager" daemon [_thread_blocked, id=11127, stack(0xb43fe000,0xb44ff000)]
  0x08a1d000 JavaThread "Framework Active Thread" [_thread_blocked, id=11126, stack(0xb44ff000,0xb4600000)]
  0x088d3c00 JavaThread "Low Memory Detector" daemon [_thread_blocked, id=11070, stack(0xb495d000,0xb4a5e000)]
  0x088d1c00 JavaThread "C1 CompilerThread0" daemon [_thread_blocked, id=11069, stack(0xb4a5e000,0xb4adf000)]
  0x088d0000 JavaThread "Signal Dispatcher" daemon [_thread_blocked, id=11068, stack(0xb4adf000,0xb4be0000)]
  0x088c9800 JavaThread "Finalizer" daemon [_thread_blocked, id=11067, stack(0xb4be0000,0xb4ce1000)]
  0x088c8000 JavaThread "Reference Handler" daemon [_thread_blocked, id=11066, stack(0xb4ce1000,0xb4de2000)]
  0x08899c00 JavaThread "main" [_thread_blocked, id=11064, stack(0xbf7af000,0xbf8af000)]

Other Threads:
  0x088c6000 VMThread [stack: 0xb4de2000,0xb4e63000] [id=11065]
  0x088df800 WatcherThread [stack: 0xb48dc000,0xb495d000] [id=11071]

VM state:synchronizing (normal execution)

VM Mutex/Monitor currently owned by a thread:  ([mutex/lock_event])
[0x088979a0] Safepoint_lock - owner thread: 0x088c6000
[0x08897a08] Threads_lock - owner thread: 0x088c6000

Heap
 def new generation   total 118016K, used 83643K [0x4b9a0000, 0x539a0000, 0x539a0000)
  eden space 104960K,  71% used [0x4b9a0000, 0x5034f4d0, 0x52020000)
  from space 13056K,  62% used [0x52020000, 0x5281f988, 0x52ce0000)
  to   space 13056K,   0% used [0x52ce0000, 0x52ce0000, 0x539a0000)
 tenured generation   total 131072K, used 30859K [0x539a0000, 0x5b9a0000, 0x7b9a0000)
   the space 131072K,  23% used [0x539a0000, 0x557c2db0, 0x557c2e00, 0x5b9a0000)
 compacting perm gen  total 131072K, used 61469K [0x7b9a0000, 0x839a0000, 0x939a0000)
   the space 131072K,  46% used [0x7b9a0000, 0x7f5a7520, 0x7f5a7600, 0x839a0000)
    ro space 10240K,  73% used [0x939a0000, 0x94100688, 0x94100800, 0x943a0000)
    rw space 12288K,  60% used [0x943a0000, 0x94ae9038, 0x94ae9200, 0x94fa0000)

Code Cache  [0xb54fd000, 0xb595d000, 0xb74fd000)
 total_blobs=2083 nmethods=1895 adapters=123 free_code_cache=28998144 largest_free_block=384

Dynamic libraries:
00110000-0011c000 r-xp 00000000 08:07 8390951    /tools/springsource/sts-2.7.1.RELEASE/plugins/org.eclipse.equinox.launcher.gtk.linux.x86_1.1.100.v20110505/eclipse_1407.so
0011c000-0011d000 rw-p 0000c000 08:07 8390951    /tools/springsource/sts-2.7.1.RELEASE/plugins/org.eclipse.equinox.launcher.gtk.linux.x86_1.1.100.v20110505/eclipse_1407.so
0011d000-001fc000 r-xp 00000000 08:07 2103656    /usr/lib/i386-linux-gnu/libstdc++.so.6.0.14
001fc000-00200000 r--p 000de000 08:07 2103656    /usr/lib/i386-linux-gnu/libstdc++.so.6.0.14
00200000-00201000 rw-p 000e2000 08:07 2103656    /usr/lib/i386-linux-gnu/libstdc++.so.6.0.14
00201000-00208000 rw-p 00000000 00:00 0 
00208000-00213000 r-xp 00000000 08:07 2631645    /usr/lib/jvm/java-6-openjdk/jre/lib/i386/libverify.so
00213000-00214000 ---p 0000b000 08:07 2631645    /usr/lib/jvm/java-6-openjdk/jre/lib/i386/libverify.so
00214000-00215000 r--p 0000b000 08:07 2631645    /usr/lib/jvm/java-6-openjdk/jre/lib/i386/libverify.so
00215000-00216000 rw-p 0000c000 08:07 2631645    /usr/lib/jvm/java-6-openjdk/jre/lib/i386/libverify.so
00216000-00229000 r-xp 00000000 08:07 3281432    /lib/i386-linux-gnu/libnsl-2.13.so
00229000-0022a000 r--p 00012000 08:07 3281432    /lib/i386-linux-gnu/libnsl-2.13.so
0022a000-0022b000 rw-p 00013000 08:07 3281432    /lib/i386-linux-gnu/libnsl-2.13.so
0022b000-0022d000 rw-p 00000000 00:00 0 
0022d000-00233000 r-xp 00000000 08:07 3281439    /lib/i386-linux-gnu/libnss_compat-2.13.so
00233000-00234000 r--p 00005000 08:07 3281439    /lib/i386-linux-gnu/libnss_compat-2.13.so
00234000-00235000 rw-p 00006000 08:07 3281439    /lib/i386-linux-gnu/libnss_compat-2.13.so
00235000-00248000 r-xp 00000000 08:07 3277716    /lib/i386-linux-gnu/libz.so.1.2.3.4
00248000-00249000 r--p 00012000 08:07 3277716    /lib/i386-linux-gnu/libz.so.1.2.3.4
00249000-0024a000 rw-p 00013000 08:07 3277716    /lib/i386-linux-gnu/libz.so.1.2.3.4
0024a000-0024d000 r-xp 00000000 08:07 2103606    /usr/lib/i386-linux-gnu/libgthread-2.0.so.0.2800.6
0024d000-0024e000 r--p 00003000 08:07 2103606    /usr/lib/i386-linux-gnu/libgthread-2.0.so.0.2800.6
0024e000-0024f000 rw-p 00004000 08:07 2103606    /usr/lib/i386-linux-gnu/libgthread-2.0.so.0.2800.6
0024f000-00259000 r-xp 00000000 08:07 2103636    /usr/lib/i386-linux-gnu/libpangocairo-1.0.so.0.2800.4
00259000-0025a000 r--p 00009000 08:07 2103636    /usr/lib/i386-linux-gnu/libpangocairo-1.0.so.0.2800.4
0025a000-0025b000 rw-p 0000a000 08:07 2103636    /usr/lib/i386-linux-gnu/libpangocairo-1.0.so.0.2800.4
0025b000-00268000 r-xp 00000000 08:07 2103535    /usr/lib/i386-linux-gnu/libXext.so.6.4.0
00268000-00269000 r--p 0000c000 08:07 2103535    /usr/lib/i386-linux-gnu/libXext.so.6.4.0
00269000-0026a000 rw-p 0000d000 08:07 2103535    /usr/lib/i386-linux-gnu/libXext.so.6.4.0
0026a000-00272000 r-xp 00000000 08:07 2103547    /usr/lib/i386-linux-gnu/libXrender.so.1.3.0
00272000-00273000 r--p 00007000 08:07 2103547    /usr/lib/i386-linux-gnu/libXrender.so.1.3.0
00273000-00274000 rw-p 00008000 08:07 2103547    /usr/lib/i386-linux-gnu/libXrender.so.1.3.0
00275000-00291000 r-xp 00000000 08:07 3281434    /lib/i386-linux-gnu/ld-2.13.so
00291000-00292000 r--p 0001b000 08:07 3281434    /lib/i386-linux-gnu/ld-2.13.so
00292000-00293000 rw-p 0001c000 08:07 3281434    /lib/i386-linux-gnu/ld-2.13.so
00293000-002d8000 r-xp 00000000 08:07 2103600    /usr/lib/i386-linux-gnu/libgobject-2.0.so.0.2800.6
002d8000-002d9000 r--p 00044000 08:07 2103600    /usr/lib/i386-linux-gnu/libgobject-2.0.so.0.2800.6
002d9000-002da000 rw-p 00045000 08:07 2103600    /usr/lib/i386-linux-gnu/libgobject-2.0.so.0.2800.6
002da000-003af000 r-xp 00000000 08:07 3277665    /lib/i386-linux-gnu/libglib-2.0.so.0.2800.6
003af000-003b0000 r--p 000d4000 08:07 3277665    /lib/i386-linux-gnu/libglib-2.0.so.0.2800.6
003b0000-003b1000 rw-p 000d5000 08:07 3277665    /lib/i386-linux-gnu/libglib-2.0.so.0.2800.6
003b1000-003ee000 r-xp 00000000 08:07 3277695    /lib/i386-linux-gnu/libpcre.so.3.12.1
003ee000-003ef000 r--p 0003c000 08:07 3277695    /lib/i386-linux-gnu/libpcre.so.3.12.1
003ef000-003f0000 rw-p 0003d000 08:07 3277695    /lib/i386-linux-gnu/libpcre.so.3.12.1
003f0000-0042e000 r-xp 00000000 08:07 2103634    /usr/lib/i386-linux-gnu/libpango-1.0.so.0.2800.4
0042e000-0042f000 r--p 0003e000 08:07 2103634    /usr/lib/i386-linux-gnu/libpango-1.0.so.0.2800.4
0042f000-00430000 rw-p 0003f000 08:07 2103634    /usr/lib/i386-linux-gnu/libpango-1.0.so.0.2800.4
00430000-0045d000 r-xp 00000000 08:07 2103581    /usr/lib/i386-linux-gnu/libfontconfig.so.1.4.4
0045d000-0045e000 r--p 0002c000 08:07 2103581    /usr/lib/i386-linux-gnu/libfontconfig.so.1.4.4
0045e000-0045f000 rw-p 0002d000 08:07 2103581    /usr/lib/i386-linux-gnu/libfontconfig.so.1.4.4
0045f000-0046c000 r-xp 00000000 08:07 2103541    /usr/lib/i386-linux-gnu/libXi.so.6.1.0
0046c000-0046d000 r--p 0000c000 08:07 2103541    /usr/lib/i386-linux-gnu/libXi.so.6.1.0
0046d000-0046e000 rw-p 0000d000 08:07 2103541    /usr/lib/i386-linux-gnu/libXi.so.6.1.0
0046e000-00474000 r-xp 00000000 08:07 2103545    /usr/lib/i386-linux-gnu/libXrandr.so.2.2.0
00474000-00475000 r--p 00005000 08:07 2103545    /usr/lib/i386-linux-gnu/libXrandr.so.2.2.0
00475000-00476000 rw-p 00006000 08:07 2103545    /usr/lib/i386-linux-gnu/libXrandr.so.2.2.0
00476000-00478000 r-xp 00000000 08:07 2103527    /usr/lib/i386-linux-gnu/libXcomposite.so.1.0.0
00478000-00479000 r--p 00001000 08:07 2103527    /usr/lib/i386-linux-gnu/libXcomposite.so.1.0.0
00479000-0047a000 rw-p 00002000 08:07 2103527    /usr/lib/i386-linux-gnu/libXcomposite.so.1.0.0
0047a000-0047c000 r-xp 00000000 08:07 2103671    /usr/lib/i386-linux-gnu/libxcb-shm.so.0.0.0
0047c000-0047d000 r--p 00001000 08:07 2103671    /usr/lib/i386-linux-gnu/libxcb-shm.so.0.0.0
0047d000-0047e000 rw-p 00002000 08:07 2103671    /usr/lib/i386-linux-gnu/libxcb-shm.so.0.0.0
0047e000-00480000 r-xp 00000000 08:07 2103525    /usr/lib/i386-linux-gnu/libXau.so.6.0.0
00480000-00481000 r--p 00001000 08:07 2103525    /usr/lib/i386-linux-gnu/libXau.so.6.0.0
00481000-00482000 rw-p 00002000 08:07 2103525    /usr/lib/i386-linux-gnu/libXau.so.6.0.0
00484000-00499000 r-xp 00000000 08:07 3281445    /lib/i386-linux-gnu/libpthread-2.13.so
00499000-0049a000 r--p 00015000 08:07 3281445    /lib/i386-linux-gnu/libpthread-2.13.so
0049a000-0049b000 rw-p 00016000 08:07 3281445    /lib/i386-linux-gnu/libpthread-2.13.so
0049b000-0049d000 rw-p 00000000 00:00 0 
0049d000-0054b000 r-xp 00000000 08:07 2100882    /usr/lib/libcairo.so.2.11000.2
0054b000-0054c000 ---p 000ae000 08:07 2100882    /usr/lib/libcairo.so.2.11000.2
0054c000-0054d000 r--p 000ae000 08:07 2100882    /usr/lib/libcairo.so.2.11000.2
0054d000-0054e000 rw-p 000af000 08:07 2100882    /usr/lib/libcairo.so.2.11000.2
0054e000-00550000 rw-p 00000000 00:00 0 
00550000-00556000 r-xp 00000000 08:07 2103667    /usr/lib/i386-linux-gnu/libxcb-render.so.0.0.0
00556000-00557000 r--p 00005000 08:07 2103667    /usr/lib/i386-linux-gnu/libxcb-render.so.0.0.0
00557000-00558000 rw-p 00006000 08:07 2103667    /usr/lib/i386-linux-gnu/libxcb-render.so.0.0.0
00558000-0055a000 r-xp 00000000 08:07 2103592    /usr/lib/i386-linux-gnu/libgmodule-2.0.so.0.2800.6
0055a000-0055b000 r--p 00002000 08:07 2103592    /usr/lib/i386-linux-gnu/libgmodule-2.0.so.0.2800.6
0055b000-0055c000 rw-p 00003000 08:07 2103592    /usr/lib/i386-linux-gnu/libgmodule-2.0.so.0.2800.6
0055c000-00581000 r-xp 00000000 08:07 2103638    /usr/lib/i386-linux-gnu/libpangoft2-1.0.so.0.2800.4
00581000-00582000 ---p 00025000 08:07 2103638    /usr/lib/i386-linux-gnu/libpangoft2-1.0.so.0.2800.4
00582000-00583000 r--p 00025000 08:07 2103638    /usr/lib/i386-linux-gnu/libpangoft2-1.0.so.0.2800.4
00583000-00584000 rw-p 00026000 08:07 2103638    /usr/lib/i386-linux-gnu/libpangoft2-1.0.so.0.2800.4
00584000-00588000 r-xp 00000000 08:07 2103533    /usr/lib/i386-linux-gnu/libXdmcp.so.6.0.0
00588000-00589000 r--p 00003000 08:07 2103533    /usr/lib/i386-linux-gnu/libXdmcp.so.6.0.0
00589000-0058a000 rw-p 00004000 08:07 2103533    /usr/lib/i386-linux-gnu/libXdmcp.so.6.0.0
0058a000-00592000 r-xp 00000000 08:07 2101255    /usr/lib/liboverlay-scrollbar-0.1.so.0.0.12
00592000-00593000 r--p 00007000 08:07 2101255    /usr/lib/liboverlay-scrollbar-0.1.so.0.0.12
00593000-00594000 rw-p 00008000 08:07 2101255    /usr/lib/liboverlay-scrollbar-0.1.so.0.0.12
00594000-0059e000 r-xp 00000000 08:07 3281425    /lib/i386-linux-gnu/libnss_files-2.13.so
0059e000-0059f000 r--p 00009000 08:07 3281425    /lib/i386-linux-gnu/libnss_files-2.13.so
0059f000-005a0000 rw-p 0000a000 08:07 3281425    /lib/i386-linux-gnu/libnss_files-2.13.so
005a0000-005b1000 r-xp 00000000 08:07 3281443    /lib/i386-linux-gnu/libresolv-2.13.so
005b1000-005b2000 r--p 00010000 08:07 3281443    /lib/i386-linux-gnu/libresolv-2.13.so
005b2000-005b3000 rw-p 00011000 08:07 3281443    /lib/i386-linux-gnu/libresolv-2.13.so
005b3000-005b5000 rw-p 00000000 00:00 0 
005b5000-005ce000 r-xp 00000000 08:07 3277704    /lib/i386-linux-gnu/libselinux.so.1
005ce000-005cf000 r--p 00018000 08:07 3277704    /lib/i386-linux-gnu/libselinux.so.1
005cf000-005d0000 rw-p 00019000 08:07 3277704    /lib/i386-linux-gnu/libselinux.so.1
005d0000-005d4000 r-xp 00000000 08:07 2103450    /usr/lib/gtk-2.0/modules/libcanberra-gtk-module.so
005d4000-005d5000 r--p 00003000 08:07 2103450    /usr/lib/gtk-2.0/modules/libcanberra-gtk-module.so
005d5000-005d6000 rw-p 00004000 08:07 2103450    /usr/lib/gtk-2.0/modules/libcanberra-gtk-module.so
005d6000-005d9000 r-xp 00000000 08:07 8520559    /tools/springsource/sts-2.7.1.RELEASE/configuration/org.eclipse.osgi/bundles/681/1/.cp/libswt-gtk-3735.so
005d9000-005da000 rw-p 00002000 08:07 8520559    /tools/springsource/sts-2.7.1.RELEASE/configuration/org.eclipse.osgi/bundles/681/1/.cp/libswt-gtk-3735.so
005da000-005db000 rw-p 00000000 00:00 0 
005db000-00670000 r-xp 00000000 08:07 2101045    /usr/lib/libgdk-x11-2.0.so.0.2400.4
00670000-00671000 ---p 00095000 08:07 2101045    /usr/lib/libgdk-x11-2.0.so.0.2400.4
00671000-00673000 r--p 00095000 08:07 2101045    /usr/lib/libgdk-x11-2.0.so.0.2400.4
00673000-00674000 rw-p 00097000 08:07 2101045    /usr/lib/libgdk-x11-2.0.so.0.2400.4
00674000-0069a000 r-xp 00000000 08:07 3277693    /lib/i386-linux-gnu/libexpat.so.1.5.2
0069a000-0069b000 ---p 00026000 08:07 3277693    /lib/i386-linux-gnu/libexpat.so.1.5.2
0069b000-0069d000 r--p 00026000 08:07 3277693    /lib/i386-linux-gnu/libexpat.so.1.5.2
0069d000-0069e000 rw-p 00028000 08:07 3277693    /lib/i386-linux-gnu/libexpat.so.1.5.2
0069e000-006c1000 r-xp 00000000 08:07 3277717    /lib/i386-linux-gnu/libpng12.so.0.44.0
006c1000-006c2000 r--p 00022000 08:07 3277717    /lib/i386-linux-gnu/libpng12.so.0.44.0
006c2000-006c3000 rw-p 00023000 08:07 3277717    /lib/i386-linux-gnu/libpng12.so.0.44.0
006c3000-006c7000 r-xp 00000000 08:07 2100818    /usr/lib/libXtst.so.6.1.0
006c7000-006c8000 r--p 00003000 08:07 2100818    /usr/lib/libXtst.so.6.1.0
006c8000-006c9000 rw-p 00004000 08:07 2100818    /usr/lib/libXtst.so.6.1.0
006ca000-006ce000 r-xp 00000000 08:07 2103537    /usr/lib/i386-linux-gnu/libXfixes.so.3.1.0
006ce000-006cf000 r--p 00003000 08:07 2103537    /usr/lib/i386-linux-gnu/libXfixes.so.3.1.0
006cf000-006d0000 rw-p 00004000 08:07 2103537    /usr/lib/i386-linux-gnu/libXfixes.so.3.1.0
006d0000-006e7000 r-xp 00000000 08:07 2103673    /usr/lib/i386-linux-gnu/libxcb.so.1.1.0
006e7000-006e8000 r--p 00016000 08:07 2103673    /usr/lib/i386-linux-gnu/libxcb.so.1.1.0
006e8000-006e9000 rw-p 00017000 08:07 2103673    /usr/lib/i386-linux-gnu/libxcb.so.1.1.0
006e9000-00702000 r-xp 00000000 08:07 2103555    /usr/lib/i386-linux-gnu/libatk-1.0.so.0.9.1
00702000-00703000 ---p 00019000 08:07 2103555    /usr/lib/i386-linux-gnu/libatk-1.0.so.0.9.1
00703000-00704000 r--p 00019000 08:07 2103555    /usr/lib/i386-linux-gnu/libatk-1.0.so.0.9.1
00704000-00705000 rw-p 0001a000 08:07 2103555    /usr/lib/i386-linux-gnu/libatk-1.0.so.0.9.1
00705000-00713000 r-xp 00000000 08:07 2100892    /usr/lib/libcanberra.so.0.2.5
00713000-00714000 r--p 0000d000 08:07 2100892    /usr/lib/libcanberra.so.0.2.5
00714000-00715000 rw-p 0000e000 08:07 2100892    /usr/lib/libcanberra.so.0.2.5
00716000-00877000 r-xp 00000000 08:07 3281444    /lib/i386-linux-gnu/libc-2.13.so
00877000-00878000 ---p 00161000 08:07 3281444    /lib/i386-linux-gnu/libc-2.13.so
00878000-0087a000 r--p 00161000 08:07 3281444    /lib/i386-linux-gnu/libc-2.13.so
0087a000-0087b000 rw-p 00163000 08:07 3281444    /lib/i386-linux-gnu/libc-2.13.so
0087b000-0087e000 rw-p 00000000 00:00 0 
0087e000-00882000 rwxp 00000000 00:00 0 
00882000-00884000 r-xp 00000000 08:07 8650851    /tools/springsource/sts-2.7.1.RELEASE/configuration/org.eclipse.osgi/bundles/154/1/.cp/os/linux/x86/libunixfile_1_0_0.so
00884000-00885000 rw-p 00001000 08:07 8650851    /tools/springsource/sts-2.7.1.RELEASE/configuration/org.eclipse.osgi/bundles/154/1/.cp/os/linux/x86/libunixfile_1_0_0.so
00885000-0088c000 r-xp 00000000 08:07 3281435    /lib/i386-linux-gnu/librt-2.13.so
0088c000-0088d000 r--p 00006000 08:07 3281435    /lib/i386-linux-gnu/librt-2.13.so
0088d000-0088e000 rw-p 00007000 08:07 3281435    /lib/i386-linux-gnu/librt-2.13.so
0088e000-00895000 r-xp 00000000 08:07 2101257    /usr/lib/libvorbisfile.so.3.3.4
00895000-00896000 r--p 00006000 08:07 2101257    /usr/lib/libvorbisfile.so.3.3.4
00896000-00897000 rw-p 00007000 08:07 2101257    /usr/lib/libvorbisfile.so.3.3.4
00897000-008a6000 r-xp 00000000 08:07 2101568    /usr/lib/libtdb.so.1.2.9
008a6000-008a7000 r--p 0000e000 08:07 2101568    /usr/lib/libtdb.so.1.2.9
008a7000-008a8000 rw-p 0000f000 08:07 2101568    /usr/lib/libtdb.so.1.2.9
008a8000-008af000 r-xp 00000000 08:07 2101318    /usr/lib/libltdl.so.7.2.1
008af000-008b0000 r--p 00006000 08:07 2101318    /usr/lib/libltdl.so.7.2.1
008b0000-008b1000 rw-p 00007000 08:07 2101318    /usr/lib/libltdl.so.7.2.1
008b1000-008b8000 r-xp 00000000 08:07 2103428    /usr/lib/gtk-2.0/2.10.0/engines/libpixmap.so
008b8000-008b9000 ---p 00007000 08:07 2103428    /usr/lib/gtk-2.0/2.10.0/engines/libpixmap.so
008b9000-008ba000 r--p 00007000 08:07 2103428    /usr/lib/gtk-2.0/2.10.0/engines/libpixmap.so
008ba000-008bb000 rw-p 00008000 08:07 2103428    /usr/lib/gtk-2.0/2.10.0/engines/libpixmap.so
008bb000-008de000 r-xp 00000000 08:07 2631656    /usr/lib/jvm/java-6-openjdk/jre/lib/i386/libjava.so
008de000-008df000 r--p 00022000 08:07 2631656    /usr/lib/jvm/java-6-openjdk/jre/lib/i386/libjava.so
008df000-008e1000 rw-p 00023000 08:07 2631656    /usr/lib/jvm/java-6-openjdk/jre/lib/i386/libjava.so
008e1000-009df000 r-xp 00000000 08:07 2103590    /usr/lib/i386-linux-gnu/libgio-2.0.so.0.2800.6
009df000-009e0000 ---p 000fe000 08:07 2103590    /usr/lib/i386-linux-gnu/libgio-2.0.so.0.2800.6
009e0000-009e2000 r--p 000fe000 08:07 2103590    /usr/lib/i386-linux-gnu/libgio-2.0.so.0.2800.6
009e2000-009e3000 rw-p 00100000 08:07 2103590    /usr/lib/i386-linux-gnu/libgio-2.0.so.0.2800.6
009e3000-009e4000 rw-p 00000000 00:00 0 
009e4000-009e6000 r-xp 00000000 08:07 2104013    /usr/lib/i386-linux-gnu/pango/1.6.0/modules/pango-basic-fc.so
009e6000-009e7000 r--p 00001000 08:07 2104013    /usr/lib/i386-linux-gnu/pango/1.6.0/modules/pango-basic-fc.so
009e7000-009e8000 rw-p 00002000 08:07 2104013    /usr/lib/i386-linux-gnu/pango/1.6.0/modules/pango-basic-fc.so
009ea000-009ed000 r-xp 00000000 08:07 2100890    /usr/lib/libcanberra-gtk.so.0.1.8
009ed000-009ee000 r--p 00002000 08:07 2100890    /usr/lib/libcanberra-gtk.so.0.1.8
009ee000-009ef000 rw-p 00003000 08:07 2100890    /usr/lib/libcanberra-gtk.so.0.1.8
009ef000-00a02000 r-xp 00000000 08:07 2631651    /usr/lib/jvm/java-6-openjdk/jre/lib/i386/libnet.so
00a02000-00a03000 r--p 00013000 08:07 2631651    /usr/lib/jvm/java-6-openjdk/jre/lib/i386/libnet.so
00a03000-00a04000 rw-p 00014000 08:07 2631651    /usr/lib/jvm/java-6-openjdk/jre/lib/i386/libnet.so
00a04000-00a0b000 r-xp 00000000 08:07 2631638    /usr/lib/jvm/java-6-openjdk/jre/lib/i386/libnio.so
00a0b000-00a0c000 r--p 00006000 08:07 2631638    /usr/lib/jvm/java-6-openjdk/jre/lib/i386/libnio.so
00a0c000-00a0d000 rw-p 00007000 08:07 2631638    /usr/lib/jvm/java-6-openjdk/jre/lib/i386/libnio.so
00a0d000-00a0f000 r-xp 00000000 08:07 3281426    /lib/i386-linux-gnu/libutil-2.13.so
00a0f000-00a10000 r--p 00001000 08:07 3281426    /lib/i386-linux-gnu/libutil-2.13.so
00a10000-00a11000 rw-p 00002000 08:07 3281426    /lib/i386-linux-gnu/libutil-2.13.so
00a12000-00a37000 r-xp 00000000 08:07 2101261    /usr/lib/libvorbis.so.0.4.5
00a37000-00a38000 r--p 00025000 08:07 2101261    /usr/lib/libvorbis.so.0.4.5
00a38000-00a39000 rw-p 00026000 08:07 2101261    /usr/lib/libvorbis.so.0.4.5
00a39000-00a3d000 r-xp 00000000 08:07 2102841    /usr/lib/gdk-pixbuf-2.0/2.10.0/loaders/libpixbufloader-png.so
00a3d000-00a3e000 r--p 00003000 08:07 2102841    /usr/lib/gdk-pixbuf-2.0/2.10.0/loaders/libpixbufloader-png.so
00a3e000-00a3f000 rw-p 00004000 08:07 2102841    /usr/lib/gdk-pixbuf-2.0/2.10.0/loaders/libpixbufloader-png.so
00a3f000-00a44000 r-xp 00000000 08:07 2102835    /usr/lib/gdk-pixbuf-2.0/2.10.0/loaders/libpixbufloader-gif.so
00a44000-00a45000 r--p 00004000 08:07 2102835    /usr/lib/gdk-pixbuf-2.0/2.10.0/loaders/libpixbufloader-gif.so
00a45000-00a46000 rw-p 00005000 08:07 2102835    /usr/lib/gdk-pixbuf-2.0/2.10.0/loaders/libpixbufloader-gif.so
00a46000-00a4a000 r-xp 00000000 08:07 2103435    /usr/lib/gtk-2.0/2.10.0/immodules/im-ibus.so
00a4a000-00a4b000 r--p 00003000 08:07 2103435    /usr/lib/gtk-2.0/2.10.0/immodules/im-ibus.so
00a4b000-00a4c000 rw-p 00004000 08:07 2103435    /usr/lib/gtk-2.0/2.10.0/immodules/im-ibus.so
00a4d000-00a53000 r-xp 00000000 08:07 2631637    /usr/lib/jvm/java-6-openjdk/jre/lib/i386/libzip.so
00a53000-00a54000 r--p 00005000 08:07 2631637    /usr/lib/jvm/java-6-openjdk/jre/lib/i386/libzip.so
00a54000-00a55000 rw-p 00006000 08:07 2631637    /usr/lib/jvm/java-6-openjdk/jre/lib/i386/libzip.so
00a55000-00a60000 r-xp 00000000 08:07 3277710    /lib/i386-linux-gnu/libudev.so.0.11.1
00a60000-00a61000 r--p 0000a000 08:07 3277710    /lib/i386-linux-gnu/libudev.so.0.11.1
00a61000-00a62000 rw-p 0000b000 08:07 3277710    /lib/i386-linux-gnu/libudev.so.0.11.1
00a63000-00a87000 r-xp 00000000 08:07 3281447    /lib/i386-linux-gnu/libm-2.13.so
00a87000-00a88000 r--p 00023000 08:07 3281447    /lib/i386-linux-gnu/libm-2.13.so
00a88000-00a89000 rw-p 00024000 08:07 3281447    /lib/i386-linux-gnu/libm-2.13.so
00a89000-00af0000 r-xp 00000000 08:07 2101434    /usr/lib/libpixman-1.so.0.20.2
00af0000-00af1000 ---p 00067000 08:07 2101434    /usr/lib/libpixman-1.so.0.20.2
00af1000-00af4000 r--p 00067000 08:07 2101434    /usr/lib/libpixman-1.so.0.20.2
00af4000-00af5000 rw-p 0006a000 08:07 2101434    /usr/lib/libpixman-1.so.0.20.2
00af9000-00afb000 r-xp 00000000 08:07 2103543    /usr/lib/i386-linux-gnu/libXinerama.so.1.0.0
00afb000-00afc000 r--p 00001000 08:07 2103543    /usr/lib/i386-linux-gnu/libXinerama.so.1.0.0
00afc000-00afd000 rw-p 00002000 08:07 2103543    /usr/lib/i386-linux-gnu/libXinerama.so.1.0.0
00afd000-00b2a000 r-xp 00000000 08:07 2103427    /usr/lib/gtk-2.0/2.10.0/engines/libmurrine.so
00b2a000-00b2b000 r--p 0002c000 08:07 2103427    /usr/lib/gtk-2.0/2.10.0/engines/libmurrine.so
00b2b000-00b2c000 rw-p 0002d000 08:07 2103427    /usr/lib/gtk-2.0/2.10.0/engines/libmurrine.so
00b2c000-00b3f000 r-xp 00000000 08:07 2097683    /usr/lib/libgvfscommon.so.0.0.0
00b3f000-00b40000 r--p 00012000 08:07 2097683    /usr/lib/libgvfscommon.so.0.0.0
00b40000-00b41000 rw-p 00013000 08:07 2097683    /usr/lib/libgvfscommon.so.0.0.0
00b41000-00b45000 r-xp 00000000 08:07 2103444    /usr/lib/gtk-2.0/2.10.0/menuproxies/libappmenu.so
00b45000-00b46000 r--p 00003000 08:07 2103444    /usr/lib/gtk-2.0/2.10.0/menuproxies/libappmenu.so
00b46000-00b47000 rw-p 00004000 08:07 2103444    /usr/lib/gtk-2.0/2.10.0/menuproxies/libappmenu.so
00b48000-00b50000 r-xp 00000000 08:07 2103529    /usr/lib/i386-linux-gnu/libXcursor.so.1.0.2
00b50000-00b51000 r--p 00007000 08:07 2103529    /usr/lib/i386-linux-gnu/libXcursor.so.1.0.2
00b51000-00b52000 rw-p 00008000 08:07 2103529    /usr/lib/i386-linux-gnu/libXcursor.so.1.0.2
00b52000-00b75000 r-xp 00000000 08:07 2103027    /usr/lib/gio/modules/libgvfsdbus.so
00b75000-00b76000 r--p 00023000 08:07 2103027    /usr/lib/gio/modules/libgvfsdbus.so
00b76000-00b77000 rw-p 00024000 08:07 2103027    /usr/lib/gio/modules/libgvfsdbus.so
00b77000-00b80000 r-xp 00000000 08:07 8520571    /tools/springsource/sts-2.7.1.RELEASE/configuration/org.eclipse.osgi/bundles/681/1/.cp/libswt-atk-gtk-3735.so
00b80000-00b81000 rw-p 00009000 08:07 8520571    /tools/springsource/sts-2.7.1.RELEASE/configuration/org.eclipse.osgi/bundles/681/1/.cp/libswt-atk-gtk-3735.so
00b82000-00b85000 r-xp 00000000 08:07 2102834    /usr/lib/gdk-pixbuf-2.0/2.10.0/loaders/libpixbufloader-bmp.so
00b85000-00b86000 r--p 00002000 08:07 2102834    /usr/lib/gdk-pixbuf-2.0/2.10.0/loaders/libpixbufloader-bmp.so
00b86000-00b87000 rw-p 00003000 08:07 2102834    /usr/lib/gdk-pixbuf-2.0/2.10.0/loaders/libpixbufloader-bmp.so
00b87000-00b95000 r-xp 00000000 08:07 2097493    /usr/lib/libdbusmenu-gtk.so.3.0.14
00b95000-00b96000 r--p 0000d000 08:07 2097493    /usr/lib/libdbusmenu-gtk.so.3.0.14
00b96000-00b97000 rw-p 0000e000 08:07 2097493    /usr/lib/libdbusmenu-gtk.so.3.0.14
00ba0000-00bba000 r-xp 00000000 08:07 3277661    /lib/i386-linux-gnu/libgcc_s.so.1
00bba000-00bbb000 r--p 00019000 08:07 3277661    /lib/i386-linux-gnu/libgcc_s.so.1
00bbb000-00bbc000 rw-p 0001a000 08:07 3277661    /lib/i386-linux-gnu/libgcc_s.so.1
00bbc000-00bd1000 r-xp 00000000 08:07 2100776    /usr/lib/libdbusmenu-glib.so.3.0.14
00bd1000-00bd2000 r--p 00014000 08:07 2100776    /usr/lib/libdbusmenu-glib.so.3.0.14
00bd2000-00bd3000 rw-p 00015000 08:07 2100776    /usr/lib/libdbusmenu-glib.so.3.0.14
00bd3000-00bdd000 r-xp 00000000 08:07 8520631    /tools/springsource/sts-2.7.1.RELEASE/configuration/org.eclipse.osgi/bundles/681/1/.cp/libswt-cairo-gtk-3735.so
00bdd000-00bde000 rw-p 00009000 08:07 8520631    /tools/springsource/sts-2.7.1.RELEASE/configuration/org.eclipse.osgi/bundles/681/1/.cp/libswt-cairo-gtk-3735.so
00bea000-00bf3000 r-xp 00000000 08:07 3281431    /lib/i386-linux-gnu/libnss_nis-2.13.so
00bf3000-00bf4000 r--p 00008000 08:07 3281431    /lib/i386-linux-gnu/libnss_nis-2.13.so
00bf4000-00bf5000 rw-p 00009000 08:07 3281431    /lib/i386-linux-gnu/libnss_nis-2.13.so
00bf5000-00c76000 r-xp 00000000 08:07 2100083    /usr/lib/i386-linux-gnu/libfreetype.so.6.6.2
00c76000-00c7a000 r--p 00080000 08:07 2100083    /usr/lib/i386-linux-gnu/libfreetype.so.6.6.2
00c7a000-00c7b000 rw-p 00084000 08:07 2100083    /usr/lib/i386-linux-gnu/libfreetype.so.6.6.2
00c7b000-00cb5000 r-xp 00000000 08:07 2101244    /usr/lib/libibus.so.2.0.0
00cb5000-00cb6000 r--p 00039000 08:07 2101244    /usr/lib/libibus.so.2.0.0
00cb6000-00cb7000 rw-p 0003a000 08:07 2101244    /usr/lib/libibus.so.2.0.0
00cc6000-00cc8000 r-xp 00000000 08:07 2103531    /usr/lib/i386-linux-gnu/libXdamage.so.1.1.0
00cc8000-00cc9000 r--p 00001000 08:07 2103531    /usr/lib/i386-linux-gnu/libXdamage.so.1.1.0
00cc9000-00cca000 rw-p 00002000 08:07 2103531    /usr/lib/i386-linux-gnu/libXdamage.so.1.1.0
00cce000-00cd3000 r-xp 00000000 08:07 2101397    /usr/lib/libogg.so.0.7.0
00cd3000-00cd4000 r--p 00004000 08:07 2101397    /usr/lib/libogg.so.0.7.0
00cd4000-00cd5000 rw-p 00005000 08:07 2101397    /usr/lib/libogg.so.0.7.0
00cd5000-00d2f000 r-xp 00000000 08:07 8520561    /tools/springsource/sts-2.7.1.RELEASE/configuration/org.eclipse.osgi/bundles/681/1/.cp/libswt-pi-gtk-3735.so
00d2f000-00d31000 rw-p 0005a000 08:07 8520561    /tools/springsource/sts-2.7.1.RELEASE/configuration/org.eclipse.osgi/bundles/681/1/.cp/libswt-pi-gtk-3735.so
00d31000-00d32000 rw-p 00000000 00:00 0 
00d32000-00d6d000 r-xp 00000000 08:07 3277696    /lib/i386-linux-gnu/libdbus-1.so.3.5.4
00d6d000-00d6e000 r--p 0003a000 08:07 3277696    /lib/i386-linux-gnu/libdbus-1.so.3.5.4
00d6e000-00d6f000 rw-p 0003b000 08:07 3277696    /lib/i386-linux-gnu/libdbus-1.so.3.5.4
00d9c000-00db7000 r-xp 00000000 08:07 2101047    /usr/lib/libgdk_pixbuf-2.0.so.0.2300.3
00db7000-00db8000 r--p 0001a000 08:07 2101047    /usr/lib/libgdk_pixbuf-2.0.so.0.2300.3
00db8000-00db9000 rw-p 0001b000 08:07 2101047    /usr/lib/libgdk_pixbuf-2.0.so.0.2300.3
00dc7000-00dc9000 r-xp 00000000 08:07 3281438    /lib/i386-linux-gnu/libdl-2.13.so
00dc9000-00dca000 r--p 00001000 08:07 3281438    /lib/i386-linux-gnu/libdl-2.13.so
00dca000-00dcb000 rw-p 00002000 08:07 3281438    /lib/i386-linux-gnu/libdl-2.13.so
00dcb000-00dcc000 r-xp 00000000 00:00 0          [vdso]
00dcc000-01208000 r-xp 00000000 08:07 2756789    /usr/lib/jvm/java-6-openjdk/jre/lib/i386/client/libjvm.so
01208000-0121f000 r--p 0043c000 08:07 2756789    /usr/lib/jvm/java-6-openjdk/jre/lib/i386/client/libjvm.so
0121f000-0122c000 rw-p 00453000 08:07 2756789    /usr/lib/jvm/java-6-openjdk/jre/lib/i386/client/libjvm.so
0122c000-01644000 rw-p 00000000 00:00 0 
04e55000-05226000 r-xp 00000000 08:07 2101187    /usr/lib/libgtk-x11-2.0.so.0.2400.4
05226000-0522a000 r--p 003d0000 08:07 2101187    /usr/lib/libgtk-x11-2.0.so.0.2400.4
0522a000-0522c000 rw-p 003d4000 08:07 2101187    /usr/lib/libgtk-x11-2.0.so.0.2400.4
0522c000-0522e000 rw-p 00000000 00:00 0 
08048000-0804c000 r-xp 00000000 08:07 8388779    /tools/springsource/sts-2.7.1.RELEASE/STS
0804c000-0804d000 rw-p 00003000 08:07 8388779    /tools/springsource/sts-2.7.1.RELEASE/STS
080aa000-081c0000 r-xp 00000000 08:07 2103523    /usr/lib/i386-linux-gnu/libX11.so.6.3.0
081c0000-081c1000 ---p 00116000 08:07 2103523    /usr/lib/i386-linux-gnu/libX11.so.6.3.0
081c1000-081c2000 r--p 00116000 08:07 2103523    /usr/lib/i386-linux-gnu/libX11.so.6.3.0
081c2000-081c4000 rw-p 00117000 08:07 2103523    /usr/lib/i386-linux-gnu/libX11.so.6.3.0
081c4000-081c5000 rw-p 00000000 00:00 0 
08890000-091fd000 rw-p 00000000 00:00 0          [heap]
4b9a0000-5b9a0000 rw-p 00000000 00:00 0 
5b9a0000-7b9a0000 rw-p 00000000 00:00 0 
7b9a0000-839a0000 rw-p 00000000 00:00 0 
839a0000-939a0000 rw-p 00000000 00:00 0 
939a0000-94101000 r--s 00001000 08:07 2756872    /usr/lib/jvm/java-6-openjdk/jre/lib/i386/client/classes.jsa
94101000-943a0000 rw-p 00000000 00:00 0 
943a0000-94aea000 rw-p 00762000 08:07 2756872    /usr/lib/jvm/java-6-openjdk/jre/lib/i386/client/classes.jsa
94aea000-94fa0000 rw-p 00000000 00:00 0 
94fa0000-9509c000 rw-p 00eac000 08:07 2756872    /usr/lib/jvm/java-6-openjdk/jre/lib/i386/client/classes.jsa
9509c000-953a0000 rw-p 00000000 00:00 0 
953a0000-953a8000 r-xs 00fa8000 08:07 2756872    /usr/lib/jvm/java-6-openjdk/jre/lib/i386/client/classes.jsa
953a8000-957a0000 rw-p 00000000 00:00 0 
b0940000-b0943000 ---p 00000000 00:00 0 
b0943000-b0a41000 rw-p 00000000 00:00 0 
b0a41000-b0a44000 ---p 00000000 00:00 0 
b0a44000-b0b42000 rw-p 00000000 00:00 0 
b0b42000-b0b45000 ---p 00000000 00:00 0 
b0b45000-b0c43000 rw-p 00000000 00:00 0 
b0c43000-b0c46000 ---p 00000000 00:00 0 
b0c46000-b0d44000 rw-p 00000000 00:00 0 
b0d44000-b0d47000 ---p 00000000 00:00 0 
b0d47000-b0e45000 rw-p 00000000 00:00 0 
b0e45000-b0e48000 ---p 00000000 00:00 0 
b0e48000-b0f46000 rw-p 00000000 00:00 0 
b0f46000-b0f49000 ---p 00000000 00:00 0 
b0f49000-b1047000 rw-p 00000000 00:00 0 
b1047000-b104a000 ---p 00000000 00:00 0 
b104a000-b1148000 rw-p 00000000 00:00 0 
b1148000-b114b000 ---p 00000000 00:00 0 
b114b000-b1249000 rw-p 00000000 00:00 0 
b1249000-b124c000 ---p 00000000 00:00 0 
b124c000-b134a000 rw-p 00000000 00:00 0 
b134a000-b134d000 ---p 00000000 00:00 0 
b134d000-b144b000 rw-p 00000000 00:00 0 
b144b000-b144e000 ---p 00000000 00:00 0 
b144e000-b154c000 rw-p 00000000 00:00 0 
b154c000-b154f000 ---p 00000000 00:00 0 
b154f000-b164d000 rw-p 00000000 00:00 0 
b164d000-b1650000 ---p 00000000 00:00 0 
b1650000-b174e000 rw-p 00000000 00:00 0 
b174e000-b1751000 ---p 00000000 00:00 0 
b1751000-b184f000 rw-p 00000000 00:00 0 
b18c1000-b18c3000 r--s 0000f000 08:07 7216463    /home/adorsys/.m2/repository/javax/activation/activation/1.1.1/activation-1.1.1.jar
b18c3000-b18ca000 r--s 00067000 08:07 7216452    /home/adorsys/.m2/repository/javax/mail/mail/1.4.1/mail-1.4.1.jar
b18ca000-b18cd000 r--s 00018000 08:07 7215221    /home/adorsys/.m2/repository/org/springframework/spring-context-support/3.1.1.RELEASE/spring-context-support-3.1.1.RELEASE.jar
b18cd000-b18d0000 r--s 00011000 08:07 7215829    /home/adorsys/.m2/repository/org/springframework/security/spring-security-acl/3.1.0.RELEASE/spring-security-acl-3.1.0.RELEASE.jar
b18d0000-b18d2000 r--s 00004000 08:07 7215808    /home/adorsys/.m2/repository/org/springframework/security/spring-security-taglibs/3.1.0.RELEASE/spring-security-taglibs-3.1.0.RELEASE.jar
b18d2000-b18dc000 r--s 00055000 08:07 7263174    /home/adorsys/.m2/repository/org/springframework/spring-jdbc/3.0.6.RELEASE/spring-jdbc-3.0.6.RELEASE.jar
b18dc000-b18e3000 r--s 00032000 08:07 7261021    /home/adorsys/.m2/repository/org/springframework/spring-tx/3.0.6.RELEASE/spring-tx-3.0.6.RELEASE.jar
b18e3000-b18eb000 r--s 00037000 08:07 7263168    /home/adorsys/.m2/repository/org/springframework/security/spring-security-web/3.1.0.RELEASE/spring-security-web-3.1.0.RELEASE.jar
b18eb000-b18ee000 r--s 0002f000 08:07 7215768    /home/adorsys/.m2/repository/org/springframework/security/spring-security-config/3.1.0.RELEASE/spring-security-config-3.1.0.RELEASE.jar
b18ee000-b18f0000 r--s 00009000 08:07 7215844    /home/adorsys/.m2/repository/org/springframework/security/spring-security-crypto/3.1.0.RELEASE/spring-security-crypto-3.1.0.RELEASE.jar
b18f0000-b18fc000 r--s 0004a000 08:07 7215739    /home/adorsys/.m2/repository/org/springframework/security/spring-security-core/3.1.0.RELEASE/spring-security-core-3.1.0.RELEASE.jar
b18fc000-b1901000 r--s 00023000 08:07 7114061    /home/adorsys/.m2/repository/org/apache/tiles/tiles-core/2.2.2/tiles-core-2.2.2.jar
b1901000-b1903000 r--s 0000d000 08:07 7114117    /home/adorsys/.m2/repository/org/apache/tiles/tiles-servlet/2.2.2/tiles-servlet-2.2.2.jar
b1903000-b1905000 r--s 0000b000 08:07 7114103    /home/adorsys/.m2/repository/org/apache/tiles/tiles-jsp/2.2.2/tiles-jsp-2.2.2.jar
b1905000-b1907000 r--s 00010000 08:07 7216620    /home/adorsys/.m2/repository/commons-codec/commons-codec/1.5/commons-codec-1.5.jar
b1907000-b190a000 r--s 00016000 08:07 7216396    /home/adorsys/.m2/repository/javax/servlet/jsp/jsp-api/2.1/jsp-api-2.1.jar
b190a000-b1919000 r--s 00074000 08:07 7217064    /home/adorsys/.m2/repository/joda-time/joda-time/1.6/joda-time-1.6.jar
b1919000-b1922000 r--s 00057000 08:07 7216203    /home/adorsys/.m2/repository/org/glassfish/web/jstl-impl/1.2/jstl-impl-1.2.jar
b1922000-b1927000 r--s 00034000 08:07 7217759    /home/adorsys/.m2/repository/commons-beanutils/commons-beanutils/1.8.3/commons-beanutils-1.8.3.jar
b1927000-b192d000 r--s 0002b000 08:07 7217776    /home/adorsys/.m2/repository/commons-digester/commons-digester/2.1/commons-digester-2.1.jar
b192d000-b1981000 r--s 003ed000 08:07 7215690    /home/adorsys/.m2/repository/org/springframework/webflow/spring-js-resources/2.2.1.RELEASE/spring-js-resources-2.2.1.RELEASE.jar
b1981000-b198d000 r--s 00079000 08:07 7215611    /home/adorsys/.m2/repository/org/springframework/spring-web/3.1.1.RELEASE/spring-web-3.1.1.RELEASE.jar
b198d000-b1999000 r--s 00081000 08:07 7215684    /home/adorsys/.m2/repository/org/springframework/spring-webmvc/3.1.1.RELEASE/spring-webmvc-3.1.1.RELEASE.jar
b1999000-b199e000 r--s 0003c000 08:07 7652969    /home/adorsys/.m2/repository/org/mongodb/mongo-java-driver/2.6.5/mongo-java-driver-2.6.5.jar
b199e000-b19a4000 r--s 0002b000 08:07 7261024    /home/adorsys/.m2/repository/org/springframework/data/spring-data-commons-core/1.2.0.M2/spring-data-commons-core-1.2.0.M2.jar
b19a4000-b19ab000 r--s 00039000 08:07 7516713    /home/adorsys/.m2/repository/org/springframework/data/spring-data-mongodb/1.0.0.M5/spring-data-mongodb-1.0.0.M5.jar
b19ab000-b19b9000 r--s 00093000 08:07 7134643    /home/adorsys/.m2/repository/org/cloudfoundry/cloudfoundry-runtime/0.8.0/cloudfoundry-runtime-0.8.0.jar
b19b9000-b19c2000 r--s 00051000 08:07 7115546    /home/adorsys/.m2/repository/org/hibernate/hibernate-validator/4.2.0.Final/hibernate-validator-4.2.0.Final.jar
b19c2000-b19c5000 r--s 0000a000 08:07 7216415    /home/adorsys/.m2/repository/javax/persistence/persistence-api/1.0/persistence-api-1.0.jar
b19c5000-b19c7000 r--s 0000b000 08:07 7215200    /home/adorsys/.m2/repository/org/springframework/spring-aspects/3.1.1.RELEASE/spring-aspects-3.1.1.RELEASE.jar
b19c7000-b19c9000 r--s 00000000 08:07 7216628    /home/adorsys/.m2/repository/aopalliance/aopalliance/1.0/aopalliance-1.0.jar
b19c9000-b19d1000 r--s 00049000 08:07 7214958    /home/adorsys/.m2/repository/org/springframework/spring-aop/3.1.1.RELEASE/spring-aop-3.1.1.RELEASE.jar
b19d1000-b19d6000 r--s 00027000 08:07 7215128    /home/adorsys/.m2/repository/org/springframework/spring-expression/3.1.1.RELEASE/spring-expression-3.1.1.RELEASE.jar
b19d6000-b19e1000 r--s 00085000 08:07 7215039    /home/adorsys/.m2/repository/org/springframework/spring-beans/3.1.1.RELEASE/spring-beans-3.1.1.RELEASE.jar
b19e1000-b19f6000 r--s 000b6000 08:07 7214887    /home/adorsys/.m2/repository/org/springframework/spring-context/3.1.1.RELEASE/spring-context-3.1.1.RELEASE.jar
b19f6000-b1a00000 r--s 00064000 08:07 7214656    /home/adorsys/.m2/repository/org/springframework/spring-core/3.1.1.RELEASE/spring-core-3.1.1.RELEASE.jar
b1a00000-b1a17000 r--s 0019e000 08:07 7214517    /home/adorsys/.m2/repository/org/aspectj/aspectjweaver/1.7.0.RC1/aspectjweaver-1.7.0.RC1.jar
b1a17000-b1a20000 r--s 0006d000 08:07 7216352    /home/adorsys/.m2/repository/log4j/log4j/1.2.16/log4j-1.2.16.jar
b1a8a000-b1a8d000 ---p 00000000 00:00 0 
b1a8d000-b1b8b000 rw-p 00000000 00:00 0 
b1b8b000-b1bc2000 r--p 00000000 08:07 3020147    /usr/share/fonts/truetype/ttf-dejavu/DejaVuSansMono-BoldOblique.ttf
b1bc2000-b1bfb000 r--p 00000000 08:07 3020148    /usr/share/fonts/truetype/ttf-dejavu/DejaVuSansMono-Oblique.ttf
b1bfb000-b1c45000 r--p 00000000 08:07 3017915    /usr/share/fonts/truetype/ttf-dejavu/DejaVuSansMono-Bold.ttf
b1c45000-b1c48000 ---p 00000000 00:00 0 
b1c48000-b1d46000 rw-p 00000000 00:00 0 
b1d46000-b1d49000 ---p 00000000 00:00 0 
b1d49000-b1e47000 rw-p 00000000 00:00 0 
b1e48000-b1e4a000 r--s 00006000 08:07 7216405    /home/adorsys/.m2/repository/javax/servlet/jsp/jstl/jstl-api/1.2/jstl-api-1.2.jar
b1e72000-b1ecb000 r--p 00000000 08:07 3017955    /usr/share/fonts/truetype/ubuntu-font-family/Ubuntu-BI.ttf
b1ecb000-b1f2b000 r--p 00000000 08:07 3017959    /usr/share/fonts/truetype/ubuntu-font-family/Ubuntu-RI.ttf
b1f2b000-b1f2e000 ---p 00000000 00:00 0 
b1f2e000-b202c000 rw-p 00000000 00:00 0 
b202c000-b202f000 ---p 00000000 00:00 0 
b202f000-b212d000 rw-p 00000000 00:00 0 
b212e000-b2130000 r--s 0000d000 08:07 7217024    /home/adorsys/.m2/repository/commons-fileupload/commons-fileupload/1.2.2/commons-fileupload-1.2.2.jar
b2162000-b21b5000 r--p 00000000 08:07 3017954    /usr/share/fonts/truetype/ubuntu-font-family/Ubuntu-B.ttf
b21b5000-b21b8000 ---p 00000000 00:00 0 
b21b8000-b22b6000 rw-p 00000000 00:00 0 
b22b7000-b22c1000 r--s 000d3000 08:07 2631143    /usr/lib/jvm/java-6-openjdk/jre/lib/rhino.jar
b22c1000-b22cf000 r--s 00351000 08:07 2631114    /usr/lib/jvm/java-6-openjdk/jre/lib/charsets.jar
b22d8000-b22db000 ---p 00000000 00:00 0 
b22db000-b23d9000 rw-p 00000000 00:00 0 
b23d9000-b23dc000 ---p 00000000 00:00 0 
b23dc000-b24da000 rw-p 00000000 00:00 0 
b24da000-b24dd000 ---p 00000000 00:00 0 
b24dd000-b25db000 rw-p 00000000 00:00 0 
b25db000-b25dc000 ---p 00000000 00:00 0 
b25dc000-b2ddc000 rw-p 00000000 00:00 0 
b2ddc000-b2ddd000 ---p 00000000 00:00 0 
b2ddd000-b35dd000 rw-p 00000000 00:00 0 
b35dd000-b366c000 r--p 00000000 08:07 3017913    /usr/share/fonts/truetype/ttf-dejavu/DejaVuSans-Bold.ttf
b366c000-b36cc000 rw-s 00000000 00:04 4194344    /SYSV00000000 (deleted)
b36cc000-b371b000 r--p 00000000 08:07 3017916    /usr/share/fonts/truetype/ttf-dejavu/DejaVuSansMono.ttf
b371b000-b3773000 r--p 00000000 08:07 3017958    /usr/share/fonts/truetype/ubuntu-font-family/Ubuntu-R.ttf
b3773000-b37af000 r--s 00626000 08:07 8391048    /tools/springsource/sts-2.7.1.RELEASE/plugins/com.ibm.icu_4.4.2.v20110208.jar
b37af000-b37b5000 r--s 00033000 08:07 7214866    /home/adorsys/.m2/repository/org/springframework/spring-test/3.1.1.RELEASE/spring-test-3.1.1.RELEASE.jar
b37fb000-b37fe000 ---p 00000000 00:00 0 
b37fe000-b38fc000 rw-p 00000000 00:00 0 
b38fc000-b38ff000 ---p 00000000 00:00 0 
b38ff000-b39fd000 rw-p 00000000 00:00 0 
b39fd000-b3a00000 ---p 00000000 00:00 0 
b3a00000-b3afe000 rw-p 00000000 00:00 0 
b3afe000-b3b01000 ---p 00000000 00:00 0 
b3b01000-b3bff000 rw-p 00000000 00:00 0 
b3bff000-b3c02000 ---p 00000000 00:00 0 
b3c02000-b3d00000 rw-p 00000000 00:00 0 
b3d00000-b3daa000 rw-p 00000000 00:00 0 
b3daa000-b3e00000 ---p 00000000 00:00 0 
b3e00000-b3f00000 rw-p 00000000 00:00 0 
b3f25000-b3f40000 r--s 00145000 08:07 8390906    /tools/springsource/sts-2.7.1.RELEASE/plugins/org.eclipse.team.ui_3.6.100.I20110525-0800.jar
b3f40000-b3f87000 r--s 003b2000 08:07 8389511    /tools/springsource/sts-2.7.1.RELEASE/plugins/org.eclipse.ui.workbench_3.7.0.I20110519-0100.jar
b3f87000-b3fc9000 r--s 0043d000 08:07 8915546    /tools/springsource/sts-2.7.1.RELEASE/configuration/org.eclipse.osgi/bundles/953/1/.cp/libs/gwt-dev-tools.jar
b3fc9000-b3fd0000 r--s 000fb000 08:07 2631116    /usr/lib/jvm/java-6-openjdk/jre/lib/resources.jar
b3fdc000-b4000000 r--s 00174000 08:07 8389017    /tools/springsource/sts-2.7.1.RELEASE/plugins/org.springframework.roo.wrapping.bcprov-jdk15_1.45.0.0001.jar
b4000000-b40fe000 rw-p 00000000 00:00 0 
b40fe000-b4100000 ---p 00000000 00:00 0 
b4104000-b4107000 r--s 00009000 08:07 7216409    /home/adorsys/.m2/repository/javax/validation/validation-api/1.0.0.GA/validation-api-1.0.0.GA.jar
b4107000-b410a000 r--s 00025000 08:07 7216586    /home/adorsys/.m2/repository/commons-io/commons-io/2.1/commons-io-2.1.jar
b410c000-b411a000 r--s 000c5000 08:07 1183671    /tools/springsource/sts-2.7.1.RELEASE/plugins/org.eclipse.m2e.maven.indexer_1.0.200.20111228-1245/jars/lucene-core-2.4.1.jar
b411a000-b411c000 r--s 00008000 08:07 8396120    /tools/springsource/sts-2.7.1.RELEASE/plugins/com.google.gdt.eclipse.suite.ext_3.1.3.v201212122040-rel-r37.jar
b411d000-b4123000 r--s 00048000 08:07 7113872    /home/adorsys/.m2/repository/org/apache/commons/commons-lang3/3.1/commons-lang3-3.1.jar
b412f000-b414c000 r--s 0017c000 08:07 8389049    /tools/springsource/sts-2.7.1.RELEASE/plugins/org.eclipse.team.cvs.ui_3.3.400.I20110510-0800.jar
b414c000-b414f000 r--s 00005000 08:07 7214617    /home/adorsys/.m2/repository/org/springframework/roo/org.springframework.roo.annotations/1.2.2.RELEASE/org.springframework.roo.annotations-1.2.2.RELEASE.jar
b414f000-b4151000 r--s 00012000 08:07 7216502    /home/adorsys/.m2/repository/net/sf/flexjson/flexjson/2.1/flexjson-2.1.jar
b4151000-b4158000 r--s 00037000 08:07 7216316    /home/adorsys/.m2/repository/junit/junit/4.10/junit-4.10.jar
b415e000-b4160000 r--s 00018000 08:07 7216373    /home/adorsys/.m2/repository/javax/servlet/servlet-api/2.5/servlet-api-2.5.jar
b4163000-b416d000 r--s 0014a000 08:07 8396098    /tools/springsource/sts-2.7.1.RELEASE/plugins/com.google.gdt.eclipse.core_3.1.3.v201212122040-rel-r37.jar
b416d000-b4175000 r--s 00066000 08:07 8396187    /tools/springsource/sts-2.7.1.RELEASE/plugins/org.eclipse.m2e.core_1.0.200.20111228-1245.jar
b4175000-b4187000 r--s 000d8000 08:07 8389647    /tools/springsource/sts-2.7.1.RELEASE/plugins/org.maven.ide.eclipse_0.12.1.20110112-1712.jar
b4187000-b418b000 r--s 00019000 08:07 7214491    /home/adorsys/.m2/repository/org/aspectj/aspectjrt/1.7.0.RC1/aspectjrt-1.7.0.RC1.jar
b418b000-b4196000 r--s 000bb000 08:07 8389505    /tools/springsource/sts-2.7.1.RELEASE/plugins/org.eclipse.core.resources_3.7.100.v20110510-0712.jar
b4196000-b4199000 ---p 00000000 00:00 0 
b4199000-b4297000 rw-p 00000000 00:00 0 
b429e000-b42aa000 r--s 00097000 08:07 8391153    /tools/springsource/sts-2.7.1.RELEASE/plugins/org.maven.ide.eclipse.nexus_indexer_0.12.1.20110112-1712/jars/lucene-core-2.3.2.jar
b42aa000-b42bd000 r--s 004fd000 08:07 8396111    /tools/springsource/sts-2.7.1.RELEASE/plugins/com.google.gwt.eclipse.core_3.1.3.v201212122040-rel-r37.jar
b42bd000-b42c3000 r--s 00286000 08:07 8396090    /tools/springsource/sts-2.7.1.RELEASE/plugins/com.google.appengine.eclipse.core_3.1.3.v201212122040-rel-r37.jar
b42c3000-b42ce000 r--s 0006a000 08:07 8391268    /tools/springsource/sts-2.7.1.RELEASE/plugins/org.maven.ide.eclipse.maven_embedder_0.12.1.20110112-1712/jars/sisu-guice-2.9.1-noaop.jar
b42ce000-b42d4000 r--s 00000000 08:07 2888502    /var/cache/fontconfig/945677eb7aeaf62f1d50efc3fb3ec7d8-le32d4.cache-3
b42d5000-b42dd000 r--s 00058000 08:07 8388993    /tools/springsource/sts-2.7.1.RELEASE/plugins/org.maven.ide.eclipse.archetype_common_0.12.1.20110112-1712/jars/velocity-1.5.jar
b42dd000-b42e3000 r--s 00040000 08:07 8391255    /tools/springsource/sts-2.7.1.RELEASE/plugins/org.maven.ide.eclipse.maven_embedder_0.12.1.20110112-1712/jars/maven-compat-3.0.2.jar
b42e3000-b42e5000 r--s 00003000 08:07 7214445    /home/adorsys/.m2/repository/org/slf4j/jcl-over-slf4j/1.6.4/jcl-over-slf4j-1.6.4.jar
b42e9000-b42ec000 r--s 00031000 08:07 2631121    /usr/lib/jvm/java-6-openjdk/jre/lib/ext/sunjce_provider.jar
b42f0000-b42f2000 r--s 00005000 08:07 7115539    /home/adorsys/.m2/repository/org/slf4j/slf4j-api/1.6.4/slf4j-api-1.6.4.jar
b42f2000-b42f5000 r--s 00077000 08:07 2631120    /usr/lib/jvm/java-6-openjdk/jre/lib/ext/localedata.jar
b42f5000-b42f9000 r--s 00038000 08:07 2631118    /usr/lib/jvm/java-6-openjdk/jre/lib/ext/sunpkcs11.jar
b42fc000-b42ff000 r--s 00008000 08:07 8391225    /tools/springsource/sts-2.7.1.RELEASE/plugins/org.maven.ide.eclipse.maven_embedder_0.12.1.20110112-1712/jars/maven-settings-builder-3.0.2.jar
b4306000-b430f000 r--s 00058000 08:07 8391205    /tools/springsource/sts-2.7.1.RELEASE/plugins/org.eclipse.team.core_3.6.0.I20110525-0800.jar
b430f000-b4312000 r--s 0001a000 08:07 8391269    /tools/springsource/sts-2.7.1.RELEASE/plugins/org.maven.ide.eclipse.maven_embedder_0.12.1.20110112-1712/jars/aether-impl-1.9.jar
b4312000-b4334000 r--s 00000000 08:07 2890581    /var/cache/fontconfig/365b55f210c0a22e9a19e35191240f32-le32d4.cache-3
b4334000-b4339000 r--s 0002b000 08:07 8391154    /tools/springsource/sts-2.7.1.RELEASE/plugins/org.maven.ide.eclipse.nexus_indexer_0.12.1.20110112-1712/jars/nexus-indexer-2.0.5-SNAPSHOT.jar
b433e000-b4342000 r--s 00033000 08:07 8391246    /tools/springsource/sts-2.7.1.RELEASE/plugins/org.maven.ide.eclipse.maven_embedder_0.12.1.20110112-1712/jars/plexus-utils-2.0.5.jar
b4342000-b4349000 r--s 0004c000 08:07 8389611    /tools/springsource/sts-2.7.1.RELEASE/plugins/org.eclipse.equinox.p2.metadata_2.1.0.v20110510.jar
b4349000-b4355000 r--s 0007a000 08:07 8391233    /tools/springsource/sts-2.7.1.RELEASE/plugins/org.maven.ide.eclipse.maven_embedder_0.12.1.20110112-1712/jars/maven-core-3.0.2.jar
b4355000-b435a000 r--s 00020000 08:07 8391258    /tools/springsource/sts-2.7.1.RELEASE/plugins/org.maven.ide.eclipse.maven_embedder_0.12.1.20110112-1712/jars/maven-model-builder-3.0.2.jar
b435a000-b435d000 r--s 0000a000 08:07 8391257    /tools/springsource/sts-2.7.1.RELEASE/plugins/org.maven.ide.eclipse.maven_embedder_0.12.1.20110112-1712/jars/maven-plugin-api-3.0.2.jar
b435e000-b4363000 r--s 00035000 08:07 8388992    /tools/springsource/sts-2.7.1.RELEASE/plugins/org.maven.ide.eclipse.archetype_common_0.12.1.20110112-1712/jars/archetype-common-2.0-alpha-4.jar
b4363000-b4370000 r--s 0007f000 08:07 8388991    /tools/springsource/sts-2.7.1.RELEASE/plugins/org.maven.ide.eclipse.archetype_common_0.12.1.20110112-1712/jars/commons-collections-3.2.jar
b4370000-b4374000 r--s 0001b000 08:07 8391319    /tools/springsource/sts-2.7.1.RELEASE/plugins/org.eclipse.mylyn.team.ui_3.6.0.v20110608-1400.jar
b4374000-b4376000 r--s 00001000 08:07 8391259    /tools/springsource/sts-2.7.1.RELEASE/plugins/org.maven.ide.eclipse.maven_embedder_0.12.1.20110112-1712/jars/guice-plexus-converters-1.4.3.1.jar
b4376000-b4377000 r--s 00000000 08:07 2890512    /var/cache/fontconfig/26de28bc8622bbc1fb67fd234c21975f-le32d4.cache-3
b4377000-b4378000 r--s 00000000 08:07 2890600    /var/cache/fontconfig/c05880de57d1f5e948fdfacc138775d9-le32d4.cache-3
b4378000-b437a000 r--s 00000000 08:07 2890598    /var/cache/fontconfig/99e8ed0e538f840c565b6ed5dad60d56-le32d4.cache-3
b437a000-b437d000 r--s 00000000 08:07 2890597    /var/cache/fontconfig/e383d7ea5fbe662a33d9b44caf393297-le32d4.cache-3
b437d000-b4382000 r--s 00000000 08:07 2890596    /var/cache/fontconfig/401a5dd6b567794a1d18dd9342dfa604-le32d4.cache-3
b4382000-b4384000 r--s 00000000 08:07 2890595    /var/cache/fontconfig/2cd17615ca594fa2959ae173292e504c-le32d4.cache-3
b4384000-b4387000 r--s 00000000 08:07 2890592    /var/cache/fontconfig/6eb3985aa4124903f6ff08ba781cd364-le32d4.cache-3
b4387000-b4389000 r--s 00000000 08:07 8391250    /tools/springsource/sts-2.7.1.RELEASE/plugins/org.maven.ide.eclipse.maven_embedder_0.12.1.20110112-1712/jars/plexus-component-annotations-1.5.5.jar
b438a000-b438f000 r--s 00048000 08:07 8388990    /tools/springsource/sts-2.7.1.RELEASE/plugins/org.maven.ide.eclipse.archetype_common_0.12.1.20110112-1712/jars/dom4j-1.6.1.jar
b438f000-b4391000 r--s 00005000 08:07 8391241    /tools/springsource/sts-2.7.1.RELEASE/plugins/org.maven.ide.eclipse.maven_embedder_0.12.1.20110112-1712/jars/guice-plexus-binders-1.4.3.1.jar
b4392000-b4397000 r--s 00025000 08:07 8389606    /tools/springsource/sts-2.7.1.RELEASE/plugins/org.eclipse.jst.ws.jaxws.dom.runtime_1.0.100.v201101252155.jar
b4397000-b439b000 r--s 00034000 08:07 8391429    /tools/springsource/sts-2.7.1.RELEASE/plugins/com.jcraft.jsch_0.1.41.v201101211617.jar
b439b000-b43a2000 r--s 0004a000 08:07 8390878    /tools/springsource/sts-2.7.1.RELEASE/plugins/ch.qos.logback.core_0.9.27.v20110224-1110.jar
b43a2000-b43a5000 r--s 0000f000 08:07 8390877    /tools/springsource/sts-2.7.1.RELEASE/plugins/org.eclipse.equinox.p2.core_2.1.0.v20110502-1955.jar
b43a5000-b43a9000 r--s 0002f000 08:07 8388995    /tools/springsource/sts-2.7.1.RELEASE/plugins/org.maven.ide.eclipse.archetype_common_0.12.1.20110112-1712/jars/commons-lang-2.1.jar
b43a9000-b43aa000 r--s 00001000 08:07 8391234    /tools/springsource/sts-2.7.1.RELEASE/plugins/org.maven.ide.eclipse.maven_embedder_0.12.1.20110112-1712/jars/guice-bean-inject-1.4.3.1.jar
b43aa000-b43ac000 r--s 00007000 08:07 8391226    /tools/springsource/sts-2.7.1.RELEASE/plugins/org.maven.ide.eclipse.maven_embedder_0.12.1.20110112-1712/jars/guice-bean-locators-1.4.3.1.jar
b43ac000-b43ae000 r--s 00007000 08:07 8391271    /tools/springsource/sts-2.7.1.RELEASE/plugins/org.maven.ide.eclipse.maven_embedder_0.12.1.20110112-1712/jars/guice-bean-reflect-1.4.3.1.jar
b43ae000-b43af000 r--s 00000000 08:07 8391237    /tools/springsource/sts-2.7.1.RELEASE/plugins/org.maven.ide.eclipse.maven_embedder_0.12.1.20110112-1712/jars/javax.inject-1.jar
b43af000-b43b1000 r--s 00006000 08:07 8391244    /tools/springsource/sts-2.7.1.RELEASE/plugins/org.maven.ide.eclipse.maven_embedder_0.12.1.20110112-1712/jars/guice-bean-binders-1.4.3.1.jar
b43b1000-b43b5000 r--s 00029000 08:07 8389007    /tools/springsource/sts-2.7.1.RELEASE/plugins/org.eclipse.equinox.registry_3.5.100.v20110502.jar
b43b5000-b43b6000 r--s 00002000 08:07 8391267    /tools/springsource/sts-2.7.1.RELEASE/plugins/org.maven.ide.eclipse.maven_embedder_0.12.1.20110112-1712/jars/wagon-file-1.0-beta-7.jar
b43b6000-b43b8000 r--s 00009000 08:07 8391230    /tools/springsource/sts-2.7.1.RELEASE/plugins/org.maven.ide.eclipse.maven_embedder_0.12.1.20110112-1712/jars/commons-cli-1.2.jar
b43b9000-b43bc000 r--s 00011000 08:07 8391242    /tools/springsource/sts-2.7.1.RELEASE/plugins/org.maven.ide.eclipse.maven_embedder_0.12.1.20110112-1712/jars/aether-api-1.9.jar
b43bc000-b43bd000 r--s 00000000 08:07 2890593    /var/cache/fontconfig/e7071f4a29fa870f4323321c154eba04-le32d4.cache-3
b43bd000-b43be000 r--s 00000000 08:07 2890591    /var/cache/fontconfig/4c73fe0c47614734b17d736dbde7580a-le32d4.cache-3
b43be000-b43bf000 r--s 00000000 08:07 2890590    /var/cache/fontconfig/0d8c3b2ac0904cb8a57a757ad11a4a08-le32d4.cache-3
b43bf000-b43c6000 r--s 00082000 08:07 8391644    /tools/springsource/sts-2.7.1.RELEASE/plugins/org.mortbay.jetty.server_6.1.23.v201012071420.jar
b43c6000-b43c8000 r--s 00011000 08:07 7115521    /home/adorsys/.m2/repository/org/hamcrest/hamcrest-core/1.1/hamcrest-core-1.1.jar
b43c8000-b43ca000 r--s 0000c000 08:07 8391245    /tools/springsource/sts-2.7.1.RELEASE/plugins/org.maven.ide.eclipse.maven_embedder_0.12.1.20110112-1712/jars/maven-aether-provider-3.0.2.jar
b43ca000-b43cc000 r--s 0000a000 08:07 8391270    /tools/springsource/sts-2.7.1.RELEASE/plugins/org.maven.ide.eclipse.maven_embedder_0.12.1.20110112-1712/jars/maven-settings-3.0.2.jar
b43cc000-b43ce000 r--s 00017000 08:07 8391478    /tools/springsource/sts-2.7.1.RELEASE/plugins/org.eclipse.update.configurator_3.3.100.v20100512.jar
b43ce000-b43d0000 r--s 0000d000 08:07 8391231    /tools/springsource/sts-2.7.1.RELEASE/plugins/org.maven.ide.eclipse.maven_embedder_0.12.1.20110112-1712/jars/plexus-interpolation-1.14.jar
b43d0000-b43d1000 r--s 00000000 08:07 2890589    /var/cache/fontconfig/6a53c69dea097a2d716e069445527da8-le32d4.cache-3
b43d1000-b43d5000 r--s 00000000 08:07 2890588    /var/cache/fontconfig/a755afe4a08bf5b97852ceb7400b47bc-le32d4.cache-3
b43d5000-b43d9000 r--s 00000000 08:07 2890587    /var/cache/fontconfig/515ca1ebc4b18308bea979be5704f9db-le32d4.cache-3
b43d9000-b43e0000 r--s 00000000 08:07 2890586    /var/cache/fontconfig/6d41288fd70b0be22e8c3a91e032eec0-le32d4.cache-3
b43e0000-b43eb000 r--s 00000000 08:07 2890585    /var/cache/fontconfig/0f34bcd4b6ee430af32735b75db7f02b-le32d4.cache-3
b43eb000-b43ee000 r--s 00000000 08:07 2890584    /var/cache/fontconfig/d60319d88cac85ba9e1a07bd06cfbb8c-le32d4.cache-3
b43ee000-b43f6000 r--s 00000000 08:07 2890580    /var/cache/fontconfig/d52a8644073d54c13679302ca1180695-le32d4.cache-3
b43f6000-b43f8000 r--s 00000000 08:07 2888497    /var/cache/fontconfig/e13b20fdb08344e0e664864cc2ede53d-le32d4.cache-3
b43f8000-b43fb000 r--s 00000000 08:07 2888480    /var/cache/fontconfig/7ef2298fde41cc6eeb7af42e48b7d293-le32d4.cache-3
b43fb000-b43fd000 r--s 00005000 08:07 8388989    /tools/springsource/sts-2.7.1.RELEASE/plugins/org.maven.ide.eclipse.archetype_common_0.12.1.20110112-1712/jars/jchardet-1.0.jar
b43fe000-b4401000 ---p 00000000 00:00 0 
b4401000-b44ff000 rw-p 00000000 00:00 0 
b44ff000-b4502000 ---p 00000000 00:00 0 
b4502000-b4600000 rw-p 00000000 00:00 0 
b4600000-b4700000 rw-p 00000000 00:00 0 
b4702000-b4703000 r--s 00000000 08:07 2890583    /var/cache/fontconfig/4794a0821666d79190d59a36cb4f44b5-le32d4.cache-3
b4703000-b4705000 r--s 00001000 08:07 2631123    /usr/lib/jvm/java-6-openjdk/jre/lib/ext/dnsns.jar
b4706000-b470a000 r--s 0002c000 08:07 8389167    /tools/springsource/sts-2.7.1.RELEASE/plugins/org.mortbay.jetty.util_6.1.23.v201012071420.jar
b470a000-b470f000 r--s 00030000 08:07 1183670    /tools/springsource/sts-2.7.1.RELEASE/plugins/org.eclipse.m2e.maven.indexer_1.0.200.20111228-1245/jars/indexer-core-3.1.0.jar
b470f000-b4711000 r--s 00002000 08:07 8391224    /tools/springsource/sts-2.7.1.RELEASE/plugins/org.maven.ide.eclipse.maven_embedder_0.12.1.20110112-1712/jars/guice-plexus-metadata-1.4.3.1.jar
b4711000-b4714000 r--s 00019000 08:07 8391229    /tools/springsource/sts-2.7.1.RELEASE/plugins/org.maven.ide.eclipse.maven_embedder_0.12.1.20110112-1712/jars/aether-util-1.9.jar
b4714000-b4716000 r--s 0000b000 08:07 8391228    /tools/springsource/sts-2.7.1.RELEASE/plugins/org.maven.ide.eclipse.maven_embedder_0.12.1.20110112-1712/jars/aether-connector-asynchttpclient-1.9.jar
b4716000-b4720000 r--s 00088000 08:07 8390953    /tools/springsource/sts-2.7.1.RELEASE/plugins/org.eclipse.update.core_3.2.500.v20110330.jar
b4721000-b472b000 r--s 00085000 08:07 8391155    /tools/springsource/sts-2.7.1.RELEASE/plugins/org.eclipse.team.cvs.core_3.3.400.I20110510-0800.jar
b472b000-b472f000 r--s 0001c000 08:07 8390935    /tools/springsource/sts-2.7.1.RELEASE/plugins/org.eclipse.equinox.p2.repository_2.1.0.v20110601.jar
b472f000-b4731000 r--s 0001d000 08:07 8391161    /tools/springsource/sts-2.7.1.RELEASE/plugins/org.springframework.uaa.client_1.0.2.RELEASE.jar
b4731000-b4732000 r--s 00001000 08:07 8391261    /tools/springsource/sts-2.7.1.RELEASE/plugins/org.maven.ide.eclipse.maven_embedder_0.12.1.20110112-1712/jars/slf4j-simple-1.6.1.jar
b4732000-b4734000 r--s 0000b000 08:07 8391248    /tools/springsource/sts-2.7.1.RELEASE/plugins/org.maven.ide.eclipse.maven_embedder_0.12.1.20110112-1712/jars/wagon-provider-api-1.0-beta-6.jar
b4734000-b4738000 r--s 0001b000 08:07 8391435    /tools/springsource/sts-2.7.1.RELEASE/plugins/org.springframework.ide.eclipse.uaa_2.7.1.201107082359-RELEASE.jar
b4738000-b4747000 r--s 000b1000 08:07 8391236    /tools/springsource/sts-2.7.1.RELEASE/plugins/org.maven.ide.eclipse.maven_embedder_0.12.1.20110112-1712/jars/netty-3.2.3.Final.jar
b4747000-b4750000 r--s 0005b000 08:07 8391130    /tools/springsource/sts-2.7.1.RELEASE/plugins/org.eclipse.mylyn.tasks.core_3.6.0.v20110608-1400.jar
b4750000-b4752000 r--s 00411000 08:07 8389053    /tools/springsource/sts-2.7.1.RELEASE/plugins/org.springframework.ide.eclipse.osgi.targetdefinition_2.7.1.201107082359-RELEASE.jar
b4752000-b4758000 r--s 0003a000 08:07 8391238    /tools/springsource/sts-2.7.1.RELEASE/plugins/org.maven.ide.eclipse.maven_embedder_0.12.1.20110112-1712/jars/async-http-client-1.4.1.jar
b4758000-b475b000 r--s 00013000 08:07 8391100    /tools/springsource/sts-2.7.1.RELEASE/plugins/org.eclipse.jst.ws.jaxws.utils_1.0.0.v201004171919.jar
b475c000-b4761000 r--s 00018000 08:07 8391273    /tools/springsource/sts-2.7.1.RELEASE/plugins/org.maven.ide.eclipse.maven_embedder_0.12.1.20110112-1712/jars/guice-plexus-shim-1.4.3.1.jar
b4761000-b4762000 r--s 00002000 08:07 8389599    /tools/springsource/sts-2.7.1.RELEASE/plugins/org.eclipse.core.runtime.compatibility.registry_3.5.0.v20110505/runtime_registry_compatibility.jar
b4762000-b4764000 r--s 00018000 08:07 8389493    /tools/springsource/sts-2.7.1.RELEASE/plugins/org.eclipse.equinox.common_3.6.0.v20110523.jar
b4764000-b4765000 r--s 00008000 08:07 7114091    /home/adorsys/.m2/repository/org/apache/tiles/tiles-api/2.2.2/tiles-api-2.2.2.jar
b4766000-b4768000 r--s 0000a000 08:07 8391265    /tools/springsource/sts-2.7.1.RELEASE/plugins/org.maven.ide.eclipse.maven_embedder_0.12.1.20110112-1712/jars/plexus-classworlds-2.4.jar
b4768000-b476a000 r--s 00001000 08:07 8391260    /tools/springsource/sts-2.7.1.RELEASE/plugins/org.maven.ide.eclipse.maven_embedder_0.12.1.20110112-1712/jars/guice-bean-scanners-1.4.3.1.jar
b476a000-b476d000 r--s 0001a000 08:07 8391506    /tools/springsource/sts-2.7.1.RELEASE/plugins/org.eclipse.equinox.p2.metadata.repository_1.2.0.v20110511-1359.jar
b476d000-b4770000 r--s 00014000 08:07 8388801    /tools/springsource/sts-2.7.1.RELEASE/plugins/org.eclipse.core.jobs_3.5.100.v20110404.jar
b4770000-b4771000 r--s 00006000 08:07 8391254    /tools/springsource/sts-2.7.1.RELEASE/plugins/org.maven.ide.eclipse.maven_embedder_0.12.1.20110112-1712/jars/plexus-sec-dispatcher-1.3.jar
b4771000-b4773000 r--s 00000000 08:07 8391239    /tools/springsource/sts-2.7.1.RELEASE/plugins/org.maven.ide.eclipse.maven_embedder_0.12.1.20110112-1712/jars/guice-bean-converters-1.4.3.1.jar
b4773000-b4775000 r--s 00001000 08:07 8389557    /tools/springsource/sts-2.7.1.RELEASE/plugins/org.eclipse.ui.workbench.compatibility_3.2.100.I20110413-1600/compatibility.jar
b4775000-b4776000 r--s 00005000 08:07 7114130    /home/adorsys/.m2/repository/org/apache/tiles/tiles-template/2.2.2/tiles-template-2.2.2.jar
b4776000-b4779000 r--s 0001b000 08:07 8391529    /tools/springsource/sts-2.7.1.RELEASE/plugins/javax.servlet_2.5.0.v201103041518.jar
b4779000-b477a000 r--s 00005000 08:07 7216426    /home/adorsys/.m2/repository/javax/el/el-api/1.0/el-api-1.0.jar
b477a000-b477b000 r--s 00001000 08:07 8391256    /tools/springsource/sts-2.7.1.RELEASE/plugins/org.maven.ide.eclipse.maven_embedder_0.12.1.20110112-1712/jars/plexus-build-api-0.0.6.jar
b477b000-b477d000 r--s 00006000 08:07 8391235    /tools/springsource/sts-2.7.1.RELEASE/plugins/org.maven.ide.eclipse.maven_embedder_0.12.1.20110112-1712/jars/maven-repository-metadata-3.0.2.jar
b477d000-b477e000 r--s 00007000 08:07 1183669    /tools/springsource/sts-2.7.1.RELEASE/plugins/org.eclipse.m2e.maven.indexer_1.0.200.20111228-1245/jars/indexer-artifact-3.1.0.jar
b477e000-b4781000 r--s 00012000 08:07 8388997    /tools/springsource/sts-2.7.1.RELEASE/plugins/org.maven.ide.eclipse.archetype_common_0.12.1.20110112-1712/jars/commons-io-1.3.1.jar
b4781000-b4784000 r--s 00023000 08:07 8388996    /tools/springsource/sts-2.7.1.RELEASE/plugins/org.maven.ide.eclipse.archetype_common_0.12.1.20110112-1712/jars/jdom-1.0.jar
b4784000-b4786000 r--s 00007000 08:07 8389047    /tools/springsource/sts-2.7.1.RELEASE/plugins/org.slf4j.api_1.6.1.v20100831-0715.jar
b4786000-b4788000 r--s 0000f000 08:07 8391098    /tools/springsource/sts-2.7.1.RELEASE/plugins/org.springframework.roo.wrapping.protobuf-java-lite_2.3.0.0001.jar
b4788000-b478a000 r--s 00002000 08:07 8391240    /tools/springsource/sts-2.7.1.RELEASE/plugins/org.maven.ide.eclipse.maven_embedder_0.12.1.20110112-1712/jars/plexus-cipher-1.4.jar
b478a000-b478b000 r--p 00000000 00:00 0 
b478b000-b478d000 r--s 0000b000 08:07 8391251    /tools/springsource/sts-2.7.1.RELEASE/plugins/org.maven.ide.eclipse.maven_embedder_0.12.1.20110112-1712/jars/maven-artifact-3.0.2.jar
b478d000-b478e000 r--s 0000c000 08:07 7214797    /home/adorsys/.m2/repository/org/springframework/spring-asm/3.1.1.RELEASE/spring-asm-3.1.1.RELEASE.jar
b478e000-b4790000 r--s 00005000 08:07 8391263    /tools/springsource/sts-2.7.1.RELEASE/plugins/org.maven.ide.eclipse.maven_embedder_0.12.1.20110112-1712/jars/wagon-ahc-1.0.0.jar
b4790000-b4791000 r--s 00002000 08:07 7214462    /home/adorsys/.m2/repository/org/slf4j/slf4j-log4j12/1.6.4/slf4j-log4j12-1.6.4.jar
b4791000-b4793000 r--s 00013000 08:07 2631144    /usr/lib/jvm/java-6-openjdk/jre/lib/jce.jar
b4793000-b4794000 r--s 00006000 08:07 8391272    /tools/springsource/sts-2.7.1.RELEASE/plugins/org.maven.ide.eclipse.maven_embedder_0.12.1.20110112-1712/jars/aether-connector-wagon-1.9.jar
b4794000-b4796000 r--s 0001b000 08:07 8396094    /tools/springsource/sts-2.7.1.RELEASE/plugins/com.google.gdt.eclipse.appengine.rpc_3.1.3.v201212122040-rel-r37.jar
b4796000-b4798000 r--s 0000e000 08:07 8388999    /tools/springsource/sts-2.7.1.RELEASE/plugins/org.maven.ide.eclipse.archetype_common_0.12.1.20110112-1712/jars/oro-2.0.8.jar
b4798000-b479b000 rw-s 00000000 00:04 4227113    /SYSV00000000 (deleted)
b479b000-b479d000 r--s 00005000 08:07 8396108    /tools/springsource/sts-2.7.1.RELEASE/plugins/com.google.gdt.eclipse.platform.e37_3.1.3.v201212122040-rel-r37.jar
b479d000-b479e000 r--s 0000a000 08:07 8391262    /tools/springsource/sts-2.7.1.RELEASE/plugins/org.maven.ide.eclipse.maven_embedder_0.12.1.20110112-1712/jars/maven-embedder-3.0.2.jar
b479e000-b479f000 r--s 00001000 08:07 9047304    /tools/springsource/sts-2.7.1.RELEASE/plugins/org.eclipse.m2e.maven.indexer_1.0.200.20111228-1245/local-patches.jar
b479f000-b47a1000 r--s 00007000 08:07 8390360    /tools/springsource/sts-2.7.1.RELEASE/plugins/org.maven.ide.eclipse.dependency_tree_0.12.1.20110112-1712/jars/maven-dependency-tree-1.2-SNAPSHOT.jar
b47a1000-b47a3000 r--s 00004000 08:07 8391108    /tools/springsource/sts-2.7.1.RELEASE/plugins/org.eclipse.mylyn.team.cvs_3.6.0.v20110608-1400.jar
b47a3000-b47a4000 r--s 00002000 08:07 8391232    /tools/springsource/sts-2.7.1.RELEASE/plugins/org.maven.ide.eclipse.maven_embedder_0.12.1.20110112-1712/jars/guice-plexus-locators-1.4.3.1.jar
b47a4000-b47a6000 r--s 00005000 08:07 8391266    /tools/springsource/sts-2.7.1.RELEASE/plugins/org.maven.ide.eclipse.maven_embedder_0.12.1.20110112-1712/jars/slf4j-api-1.6.1.jar
b47a6000-b47a7000 r--s 00008000 08:07 8391481    /tools/springsource/sts-2.7.1.RELEASE/plugins/org.eclipse.jsch.core_1.1.300.I20110514-0800.jar
b47a7000-b47ab000 r--s 00019000 08:07 8389500    /tools/springsource/sts-2.7.1.RELEASE/plugins/org.aspectj.runtime_1.6.12.20110613132200/aspectjrt.jar
b47ab000-b47ac000 r--s 00004000 08:07 8391243    /tools/springsource/sts-2.7.1.RELEASE/plugins/org.maven.ide.eclipse.maven_embedder_0.12.1.20110112-1712/jars/guice-plexus-scanners-1.4.3.1.jar
b47ac000-b47ad000 r--s 0000a000 08:07 8391247    /tools/springsource/sts-2.7.1.RELEASE/plugins/org.maven.ide.eclipse.maven_embedder_0.12.1.20110112-1712/jars/asm-3.3.jar
b47ad000-b47b0000 r--s 00026000 08:07 8391227    /tools/springsource/sts-2.7.1.RELEASE/plugins/org.maven.ide.eclipse.maven_embedder_0.12.1.20110112-1712/jars/maven-model-3.0.2.jar
b47b0000-b47c4000 r--s 00139000 08:07 8391066    /tools/springsource/sts-2.7.1.RELEASE/plugins/org.eclipse.osgi_3.7.0.v20110613.jar
b47c4000-b4824000 rw-s 00000000 00:04 4161575    /SYSV00000000 (deleted)
b4824000-b48ce000 rw-p 00000000 00:00 0 
b48ce000-b48cf000 r--s 00001000 08:07 8388994    /tools/springsource/sts-2.7.1.RELEASE/plugins/org.maven.ide.eclipse.archetype_common_0.12.1.20110112-1712/jars/plexus-velocity-1.1.3.jar
b48cf000-b48d1000 r--s 00004000 08:07 8389525    /tools/springsource/sts-2.7.1.RELEASE/plugins/org.eclipse.persistence.jpa.equinox.weaving_2.3.0.v20110604-r9504.jar
b48d1000-b48d3000 r--s 00007000 08:07 8390883    /tools/springsource/sts-2.7.1.RELEASE/plugins/org.eclipse.equinox.weaving.hook_1.0.100.HEAD.jar
b48d3000-b48d5000 r--s 00006000 08:07 8391508    /tools/springsource/sts-2.7.1.RELEASE/plugins/javax.transaction_1.1.1.v201105210645.jar
b48d5000-b48d9000 r--s 0007d000 08:07 2631145    /usr/lib/jvm/java-6-openjdk/jre/lib/jsse.jar
b48d9000-b48da000 r--s 0000b000 08:07 8390918    /tools/springsource/sts-2.7.1.RELEASE/plugins/org.eclipse.equinox.launcher_1.2.0.v20110502.jar
b48da000-b48dc000 r--s 0000f000 08:07 2631122    /usr/lib/jvm/java-6-openjdk/jre/lib/ext/pulse-java.jar
b48dc000-b48dd000 ---p 00000000 00:00 0 
b48dd000-b495d000 rw-p 00000000 00:00 0 
b495d000-b4960000 ---p 00000000 00:00 0 
b4960000-b4a5e000 rw-p 00000000 00:00 0 
b4a5e000-b4a61000 ---p 00000000 00:00 0 
b4a61000-b4adf000 rw-p 00000000 00:00 0 
b4adf000-b4ae2000 ---p 00000000 00:00 0 
b4ae2000-b4be0000 rw-p 00000000 00:00 0 
b4be0000-b4be3000 ---p 00000000 00:00 0 
b4be3000-b4ce1000 rw-p 00000000 00:00 0 
b4ce1000-b4ce4000 ---p 00000000 00:00 0 
b4ce4000-b4de2000 rw-p 00000000 00:00 0 
b4de2000-b4de3000 ---p 00000000 00:00 0 
b4de3000-b4e96000 rw-p 00000000 00:00 0 
b4e96000-b5028000 r--s 037c2000 08:07 2631629    /usr/lib/jvm/java-6-openjdk/jre/lib/rt.jar
b5028000-b5070000 rw-p 00000000 00:00 0 
b5070000-b50f0000 rw-p 00000000 00:00 0 
b50f0000-b5131000 rw-p 00000000 00:00 0 
b5131000-b5231000 rw-p 00000000 00:00 0 
b5231000-b52b1000 rw-p 00000000 00:00 0 
b52b1000-b53b1000 rw-p 00000000 00:00 0 
b53b1000-b53f1000 rw-p 00000000 00:00 0 
b53f1000-b5471000 rw-p 00000000 00:00 0 
b5471000-b548f000 rw-p 00000000 00:00 0 
b548f000-b54fd000 rw-p 00000000 00:00 0 
b54fd000-b595d000 rwxp 00000000 00:00 0 
b595d000-b74fd000 rw-p 00000000 00:00 0 
b74fd000-b76fd000 r--p 00000000 08:07 2104815    /usr/lib/locale/locale-archive
b76fd000-b7705000 rw-p 00000000 00:00 0 
b7705000-b770d000 rw-s 00000000 08:07 5247974    /tmp/hsperfdata_adorsys/11064
b770d000-b770e000 rw-p 00000000 00:00 0 
b770e000-b770f000 ---p 00000000 00:00 0 
b770f000-b7710000 r--p 002a1000 08:07 2104815    /usr/lib/locale/locale-archive
b7710000-b7712000 rw-p 00000000 00:00 0 
bf7af000-bf7b2000 ---p 00000000 00:00 0 
bf7b3000-bf8af000 rw-p 00000000 00:00 0          [stack]

VM Arguments:
jvm_args: -Dosgi.requiredJavaVersion=1.5 -Xmn128m -Xms256m -Xmx768m -Xss1m -XX:PermSize=128m -XX:MaxPermSize=384m 
java_command: <unknown>
Launcher Type: generic

Environment Variables:
JAVA_HOME=/usr/lib/jvm/java-1.6.0-openjdk
JRE_HOME=/user/lib/jvm/java-1.6.0-openjdk/jre
PATH=/usr/local/heroku/bin:/usr/lib/jvm/java-1.6.0-openjdk/bin:/home/adorsys/bin:/usr/local/sbin:/usr/local/bin:/usr/sbin:/usr/bin:/sbin:/bin:/usr/games:/home/adorsys/cloudbees-sdk-1.2.2
USERNAME=adorsys
LD_LIBRARY_PATH=/usr/lib/jvm/java-6-openjdk/jre/lib/i386/client:/usr/lib/jvm/java-6-openjdk/jre/lib/i386:
SHELL=/bin/bash
DISPLAY=:0.0

Signal Handlers:
SIGSEGV: [libjvm.so+0x3dfe90], sa_mask[0]=0x7ffbfeff, sa_flags=0x10000004
SIGBUS: [libjvm.so+0x3dfe90], sa_mask[0]=0x7ffbfeff, sa_flags=0x10000004
SIGFPE: [libjvm.so+0x2ff980], sa_mask[0]=0x7ffbfeff, sa_flags=0x10000004
SIGPIPE: SIG_IGN, sa_mask[0]=0x00001000, sa_flags=0x10000000
SIGXFSZ: [libjvm.so+0x2ff980], sa_mask[0]=0x7ffbfeff, sa_flags=0x10000004
SIGILL: [libjvm.so+0x2ff980], sa_mask[0]=0x7ffbfeff, sa_flags=0x10000004
SIGUSR1: SIG_DFL, sa_mask[0]=0x00000000, sa_flags=0x00000000
SIGUSR2: [libjvm.so+0x2ff7f0], sa_mask[0]=0x00000000, sa_flags=0x10000004
SIGHUP: [libjvm.so+0x3025e0], sa_mask[0]=0x7ffbfeff, sa_flags=0x10000004
SIGINT: [libjvm.so+0x3025e0], sa_mask[0]=0x7ffbfeff, sa_flags=0x10000004
SIGTERM: [libjvm.so+0x3025e0], sa_mask[0]=0x7ffbfeff, sa_flags=0x10000004
SIGQUIT: [libjvm.so+0x3025e0], sa_mask[0]=0x7ffbfeff, sa_flags=0x10000004


---------------  S Y S T E M  ---------------

OS:Ubuntu 11.04 (natty)
uname:Linux 2.6.38-16-generic #67-Ubuntu SMP Thu Sep 6 18:00:43 UTC 2012 i686
libc:glibc 2.13 NPTL 2.13 
rlimit: STACK 8192k, CORE 0k, NPROC infinity, NOFILE 4096, AS infinity
load average:2.08 0.72 0.31

/proc/meminfo:
MemTotal:        2892268 kB
MemFree:           75972 kB
Buffers:           40332 kB
Cached:           870320 kB
SwapCached:         5548 kB
Active:          1751948 kB
Inactive:         959528 kB
Active(anon):    1449576 kB
Inactive(anon):   655116 kB
Active(file):     302372 kB
Inactive(file):   304412 kB
Unevictable:          16 kB
Mlocked:              16 kB
HighTotal:       2030696 kB
HighFree:           3292 kB
LowTotal:         861572 kB
LowFree:           72680 kB
SwapTotal:       5952508 kB
SwapFree:        5864332 kB
Dirty:             11440 kB
Writeback:             4 kB
AnonPages:       1795632 kB
Mapped:           174136 kB
Shmem:            303832 kB
Slab:              57936 kB
SReclaimable:      34396 kB
SUnreclaim:        23540 kB
KernelStack:        3760 kB
PageTables:         9856 kB
NFS_Unstable:          0 kB
Bounce:                0 kB
WritebackTmp:          0 kB
CommitLimit:     7398640 kB
Committed_AS:    4510552 kB
VmallocTotal:     122880 kB
VmallocUsed:       31556 kB
VmallocChunk:      30976 kB
HardwareCorrupted:     0 kB
HugePages_Total:       0
HugePages_Free:        0
HugePages_Rsvd:        0
HugePages_Surp:        0
Hugepagesize:       4096 kB
DirectMap4k:       16376 kB
DirectMap4M:      892928 kB


CPU:total 2 (2 cores per cpu, 1 threads per core) family 6 model 37 stepping 5, cmov, cx8, fxsr, mmx, sse, sse2, sse3, ssse3, popcnt

Memory: 4k page, physical 2892268k(75972k free), swap 5952508k(5864332k free)

vm_info: OpenJDK Client VM (20.0-b12) for linux-x86 JRE (1.6.0_24-b24), built on Oct 24 2012 21:07:30 by "buildd" with gcc 4.5.2

time: Tue Oct 29 09:56:44 2013
elapsed time: 101 seconds

