-encoding
UTF-8
-outxml
-source
1.6
-target
1.6
-classpath
/home/adorsys/.m2/repository/aopalliance/aopalliance/1.0/aopalliance-1.0.jar:/home/adorsys/.m2/repository/commons-beanutils/commons-beanutils/1.8.3/commons-beanutils-1.8.3.jar:/home/adorsys/.m2/repository/commons-codec/commons-codec/1.5/commons-codec-1.5.jar:/home/adorsys/.m2/repository/commons-digester/commons-digester/2.1/commons-digester-2.1.jar:/home/adorsys/.m2/repository/commons-fileupload/commons-fileupload/1.2.2/commons-fileupload-1.2.2.jar:/home/adorsys/.m2/repository/commons-io/commons-io/1.4/commons-io-1.4.jar:/home/adorsys/.m2/repository/commons-logging/commons-logging/1.1.1/commons-logging-1.1.1.jar:/home/adorsys/.m2/repository/javax/activation/activation/1.1.1/activation-1.1.1.jar:/home/adorsys/.m2/repository/javax/el/el-api/1.0/el-api-1.0.jar:/home/adorsys/.m2/repository/javax/mail/mail/1.4.1/mail-1.4.1.jar:/home/adorsys/.m2/repository/javax/persistence/persistence-api/1.0/persistence-api-1.0.jar:/home/adorsys/.m2/repository/javax/servlet/servlet-api/2.5/servlet-api-2.5.jar:/home/adorsys/.m2/repository/javax/servlet/jsp/jsp-api/2.1/jsp-api-2.1.jar:/home/adorsys/.m2/repository/javax/servlet/jsp/jstl/jstl-api/1.2/jstl-api-1.2.jar:/home/adorsys/.m2/repository/javax/validation/validation-api/1.0.0.GA/validation-api-1.0.0.GA.jar:/home/adorsys/.m2/repository/joda-time/joda-time/1.6/joda-time-1.6.jar:/home/adorsys/.m2/repository/log4j/log4j/1.2.16/log4j-1.2.16.jar:/home/adorsys/.m2/repository/net/sf/flexjson/flexjson/2.1/flexjson-2.1.jar:/home/adorsys/.m2/repository/org/apache/commons/commons-lang3/3.1/commons-lang3-3.1.jar:/home/adorsys/.m2/repository/org/apache/tiles/tiles-api/2.2.2/tiles-api-2.2.2.jar:/home/adorsys/.m2/repository/org/apache/tiles/tiles-core/2.2.2/tiles-core-2.2.2.jar:/home/adorsys/.m2/repository/org/apache/tiles/tiles-jsp/2.2.2/tiles-jsp-2.2.2.jar:/home/adorsys/.m2/repository/org/apache/tiles/tiles-servlet/2.2.2/tiles-servlet-2.2.2.jar:/home/adorsys/.m2/repository/org/apache/tiles/tiles-template/2.2.2/tiles-template-2.2.2.jar:/home/adorsys/.m2/repository/org/aspectj/aspectjrt/1.7.0.RC1/aspectjrt-1.7.0.RC1.jar:/home/adorsys/.m2/repository/org/aspectj/aspectjweaver/1.7.0.RC1/aspectjweaver-1.7.0.RC1.jar:/home/adorsys/.m2/repository/org/cloudfoundry/cloudfoundry-runtime/0.8.0/cloudfoundry-runtime-0.8.0.jar:/home/adorsys/.m2/repository/org/glassfish/web/jstl-impl/1.2/jstl-impl-1.2.jar:/home/adorsys/.m2/repository/org/hibernate/hibernate-validator/4.2.0.Final/hibernate-validator-4.2.0.Final.jar:/home/adorsys/.m2/repository/org/mongodb/mongo-java-driver/2.6.5/mongo-java-driver-2.6.5.jar:/home/adorsys/.m2/repository/org/slf4j/jcl-over-slf4j/1.6.4/jcl-over-slf4j-1.6.4.jar:/home/adorsys/.m2/repository/org/slf4j/slf4j-api/1.6.4/slf4j-api-1.6.4.jar:/home/adorsys/.m2/repository/org/slf4j/slf4j-log4j12/1.6.4/slf4j-log4j12-1.6.4.jar:/home/adorsys/.m2/repository/org/springframework/spring-aop/3.1.1.RELEASE/spring-aop-3.1.1.RELEASE.jar:/home/adorsys/.m2/repository/org/springframework/spring-asm/3.1.1.RELEASE/spring-asm-3.1.1.RELEASE.jar:/home/adorsys/.m2/repository/org/springframework/spring-aspects/3.1.1.RELEASE/spring-aspects-3.1.1.RELEASE.jar:/home/adorsys/.m2/repository/org/springframework/spring-beans/3.1.1.RELEASE/spring-beans-3.1.1.RELEASE.jar:/home/adorsys/.m2/repository/org/springframework/spring-context/3.1.1.RELEASE/spring-context-3.1.1.RELEASE.jar:/home/adorsys/.m2/repository/org/springframework/spring-context-support/3.1.1.RELEASE/spring-context-support-3.1.1.RELEASE.jar:/home/adorsys/.m2/repository/org/springframework/spring-core/3.1.1.RELEASE/spring-core-3.1.1.RELEASE.jar:/home/adorsys/.m2/repository/org/springframework/spring-expression/3.1.1.RELEASE/spring-expression-3.1.1.RELEASE.jar:/home/adorsys/.m2/repository/org/springframework/spring-jdbc/3.0.6.RELEASE/spring-jdbc-3.0.6.RELEASE.jar:/home/adorsys/.m2/repository/org/springframework/spring-tx/3.0.6.RELEASE/spring-tx-3.0.6.RELEASE.jar:/home/adorsys/.m2/repository/org/springframework/spring-web/3.1.1.RELEASE/spring-web-3.1.1.RELEASE.jar:/home/adorsys/.m2/repository/org/springframework/spring-webmvc/3.1.1.RELEASE/spring-webmvc-3.1.1.RELEASE.jar:/home/adorsys/.m2/repository/org/springframework/data/spring-data-commons-core/1.2.0.M2/spring-data-commons-core-1.2.0.M2.jar:/home/adorsys/.m2/repository/org/springframework/data/spring-data-mongodb/1.0.0.M5/spring-data-mongodb-1.0.0.M5.jar:/home/adorsys/.m2/repository/org/springframework/roo/org.springframework.roo.annotations/1.2.2.RELEASE/org.springframework.roo.annotations-1.2.2.RELEASE.jar:/home/adorsys/.m2/repository/org/springframework/security/spring-security-acl/3.1.0.RELEASE/spring-security-acl-3.1.0.RELEASE.jar:/home/adorsys/.m2/repository/org/springframework/security/spring-security-config/3.1.0.RELEASE/spring-security-config-3.1.0.RELEASE.jar:/home/adorsys/.m2/repository/org/springframework/security/spring-security-core/3.1.0.RELEASE/spring-security-core-3.1.0.RELEASE.jar:/home/adorsys/.m2/repository/org/springframework/security/spring-security-crypto/3.1.0.RELEASE/spring-security-crypto-3.1.0.RELEASE.jar:/home/adorsys/.m2/repository/org/springframework/security/spring-security-taglibs/3.1.0.RELEASE/spring-security-taglibs-3.1.0.RELEASE.jar:/home/adorsys/.m2/repository/org/springframework/security/spring-security-web/3.1.0.RELEASE/spring-security-web-3.1.0.RELEASE.jar:/home/adorsys/.m2/repository/org/springframework/webflow/spring-binding/2.3.0.RELEASE/spring-binding-2.3.0.RELEASE.jar:/home/adorsys/.m2/repository/org/springframework/webflow/spring-js/2.3.0.RELEASE/spring-js-2.3.0.RELEASE.jar:/home/adorsys/.m2/repository/org/springframework/webflow/spring-js-resources/2.2.1.RELEASE/spring-js-resources-2.2.1.RELEASE.jar:/home/adorsys/.m2/repository/org/springframework/webflow/spring-webflow/2.3.0.RELEASE/spring-webflow-2.3.0.RELEASE.jar:/home/adorsys/mongoWorkspace/nomade/target/classes
-aspectpath
/home/adorsys/.m2/repository/org/springframework/spring-aspects/3.1.1.RELEASE/spring-aspects-3.1.1.RELEASE.jar
-d
/home/adorsys/mongoWorkspace/nomade/target/classes
/home/adorsys/mongoWorkspace/nomade/src/main/java/com/nomade/domain/Langue.java
/home/adorsys/mongoWorkspace/nomade/src/main/java/com/nomade/tools/ImageUtil.java
/home/adorsys/mongoWorkspace/nomade/src/main/java/com/nomade/service/UserService_Roo_Service.aj
/home/adorsys/mongoWorkspace/nomade/src/main/java/com/nomade/web/EtapeVoyageController_Roo_Controller.aj
/home/adorsys/mongoWorkspace/nomade/src/main/java/com/nomade/repository/AlbumRepository_Roo_Mongo_Repository.aj
/home/adorsys/mongoWorkspace/nomade/src/main/java/com/nomade/service/EtapeVehiculeService.java
/home/adorsys/mongoWorkspace/nomade/src/main/java/com/nomade/tools/ValideEmailUtil.java
/home/adorsys/mongoWorkspace/nomade/src/main/java/com/nomade/domain/Vehicule.java
/home/adorsys/mongoWorkspace/nomade/src/main/java/com/nomade/domain/UserNomade_Roo_ToString.aj
/home/adorsys/mongoWorkspace/nomade/src/main/java/com/nomade/service/UserService.java
/home/adorsys/mongoWorkspace/nomade/src/main/java/com/nomade/web/EtapeVehiculeController_Roo_Controller.aj
/home/adorsys/mongoWorkspace/nomade/src/main/java/com/nomade/service/VehiculeServiceImpl_Roo_Service.aj
/home/adorsys/mongoWorkspace/nomade/src/main/java/com/nomade/domain/EtapeVehicule_Roo_JavaBean.aj
/home/adorsys/mongoWorkspace/nomade/src/main/java/com/nomade/domain/BeanNewItineraire.java
/home/adorsys/mongoWorkspace/nomade/src/main/java/com/nomade/domain/BeanRegister_Roo_Equals.aj
/home/adorsys/mongoWorkspace/nomade/src/main/java/com/nomade/domain/VehiculeState.java
/home/adorsys/mongoWorkspace/nomade/src/main/java/com/nomade/security/SecurityUtil.java
/home/adorsys/mongoWorkspace/nomade/src/main/java/com/nomade/service/VehiculeService.java
/home/adorsys/mongoWorkspace/nomade/src/main/java/com/nomade/domain/BeanNewItineraire_Roo_JavaBean.aj
/home/adorsys/mongoWorkspace/nomade/src/main/java/com/nomade/domain/Album.java
/home/adorsys/mongoWorkspace/nomade/src/main/java/com/nomade/domain/UserNomade_Roo_JavaBean.aj
/home/adorsys/mongoWorkspace/nomade/src/main/java/com/nomade/domain/VehiculeType.java
/home/adorsys/mongoWorkspace/nomade/src/main/java/com/nomade/domain/BeanPasswordReset_Roo_JavaBean.aj
/home/adorsys/mongoWorkspace/nomade/src/main/java/com/nomade/repository/UserRepository.java
/home/adorsys/mongoWorkspace/nomade/src/main/java/com/nomade/web/FileController.java
/home/adorsys/mongoWorkspace/nomade/src/main/java/com/nomade/domain/Profil_Roo_JavaBean.aj
/home/adorsys/mongoWorkspace/nomade/src/main/java/com/nomade/domain/File.java
/home/adorsys/mongoWorkspace/nomade/src/main/java/com/nomade/service/EtapeVoyageServiceImpl.java
/home/adorsys/mongoWorkspace/nomade/src/main/java/com/nomade/domain/BeanPasswordReset_Roo_ToString.aj
/home/adorsys/mongoWorkspace/nomade/src/main/java/com/nomade/domain/File_Roo_JavaBean.aj
/home/adorsys/mongoWorkspace/nomade/src/main/java/com/nomade/appinit/ApplicationInitService.java
/home/adorsys/mongoWorkspace/nomade/src/main/java/com/nomade/domain/EtapeVoyage_Roo_Mongo_Entity.aj
/home/adorsys/mongoWorkspace/nomade/src/main/java/com/nomade/security/NomadeUserDetailsService.java
/home/adorsys/mongoWorkspace/nomade/src/main/java/com/nomade/domain/RoleName.java
/home/adorsys/mongoWorkspace/nomade/src/main/java/com/nomade/domain/Account_Roo_ToString.aj
/home/adorsys/mongoWorkspace/nomade/src/main/java/com/nomade/domain/UserNomade_Roo_Mongo_Entity.aj
/home/adorsys/mongoWorkspace/nomade/src/main/java/com/nomade/repository/AlbumRepository.java
/home/adorsys/mongoWorkspace/nomade/src/main/java/com/nomade/repository/VehiculeRepository_Roo_Mongo_Repository.aj
/home/adorsys/mongoWorkspace/nomade/src/main/java/com/nomade/service/AccountService.java
/home/adorsys/mongoWorkspace/nomade/src/main/java/com/nomade/repository/EtapeVoyageRepository.java
/home/adorsys/mongoWorkspace/nomade/src/main/java/com/nomade/tools/ImageUploadException.java
/home/adorsys/mongoWorkspace/nomade/src/main/java/com/nomade/service/FileService.java
/home/adorsys/mongoWorkspace/nomade/src/main/java/com/nomade/repository/ProfilRepository.java
/home/adorsys/mongoWorkspace/nomade/src/main/java/com/nomade/domain/Country.java
/home/adorsys/mongoWorkspace/nomade/src/main/java/com/nomade/domain/Account_Roo_JavaBean.aj
/home/adorsys/mongoWorkspace/nomade/src/main/java/com/nomade/web/UserController_Roo_Controller.aj
/home/adorsys/mongoWorkspace/nomade/src/main/java/com/nomade/domain/Album_Roo_ToString.aj
/home/adorsys/mongoWorkspace/nomade/src/main/java/com/nomade/repository/EtapeVoyageRepository_Roo_Mongo_Repository.aj
/home/adorsys/mongoWorkspace/nomade/src/main/java/com/nomade/domain/BeanNewItineraire_Roo_ToString.aj
/home/adorsys/mongoWorkspace/nomade/src/main/java/com/nomade/service/UserServiceImpl.java
/home/adorsys/mongoWorkspace/nomade/src/main/java/com/nomade/service/VehiculeService_Roo_Service.aj
/home/adorsys/mongoWorkspace/nomade/src/main/java/com/nomade/domain/BeanNewItineraire_Roo_Equals.aj
/home/adorsys/mongoWorkspace/nomade/src/main/java/com/nomade/web/EtapeVehiculeController.java
/home/adorsys/mongoWorkspace/nomade/src/main/java/com/nomade/domain/EtapeVoyage_Roo_ToString.aj
/home/adorsys/mongoWorkspace/nomade/src/main/java/com/nomade/service/AuthentificationHandler.java
/home/adorsys/mongoWorkspace/nomade/src/main/java/com/nomade/domain/Account.java
/home/adorsys/mongoWorkspace/nomade/src/main/java/com/nomade/domain/EtapeVoyage.java
/home/adorsys/mongoWorkspace/nomade/src/main/java/com/nomade/service/AlbumServiceImpl.java
/home/adorsys/mongoWorkspace/nomade/src/main/java/com/nomade/web/VehiculeController.java
/home/adorsys/mongoWorkspace/nomade/src/main/java/com/nomade/domain/BeanRegister_Roo_ToString.aj
/home/adorsys/mongoWorkspace/nomade/src/main/java/com/nomade/domain/Album_Roo_JavaBean.aj
/home/adorsys/mongoWorkspace/nomade/src/main/java/com/nomade/web/AccountController.java
/home/adorsys/mongoWorkspace/nomade/src/main/java/com/nomade/web/HomeController.java
/home/adorsys/mongoWorkspace/nomade/src/main/java/com/nomade/domain/Nationality.java
/home/adorsys/mongoWorkspace/nomade/src/main/java/com/nomade/domain/BeanPasswordReset_Roo_Serializable.aj
/home/adorsys/mongoWorkspace/nomade/src/main/java/com/nomade/web/ApplicationConversionServiceFactoryBean.java
/home/adorsys/mongoWorkspace/nomade/src/main/java/com/nomade/domain/BeanPasswordReset_Roo_Equals.aj
/home/adorsys/mongoWorkspace/nomade/src/main/java/com/nomade/service/EtapeVoyageServiceImpl_Roo_Service.aj
/home/adorsys/mongoWorkspace/nomade/src/main/java/com/nomade/web/AlbumController.java
/home/adorsys/mongoWorkspace/nomade/src/main/java/com/nomade/domain/Vehicule_Roo_ToString.aj
/home/adorsys/mongoWorkspace/nomade/src/main/java/com/nomade/tools/IdGenerator.java
/home/adorsys/mongoWorkspace/nomade/src/main/java/com/nomade/domain/Profil_Roo_ToString.aj
/home/adorsys/mongoWorkspace/nomade/src/main/java/com/nomade/service/EtapeVehiculeServiceImpl_Roo_Service.aj
/home/adorsys/mongoWorkspace/nomade/src/main/java/com/nomade/service/EtapeVehiculeService_Roo_Service.aj
/home/adorsys/mongoWorkspace/nomade/src/main/java/com/nomade/domain/Confidentiality.java
/home/adorsys/mongoWorkspace/nomade/src/main/java/com/nomade/repository/UserRepository_Roo_Mongo_Repository.aj
/home/adorsys/mongoWorkspace/nomade/src/main/java/com/nomade/domain/BeanRegister.java
/home/adorsys/mongoWorkspace/nomade/src/main/java/com/nomade/repository/VehiculeRepository.java
/home/adorsys/mongoWorkspace/nomade/src/main/java/com/nomade/service/EtapeVoyageService.java
/home/adorsys/mongoWorkspace/nomade/src/main/java/com/nomade/service/FileServiceImpl_Roo_Service.aj
/home/adorsys/mongoWorkspace/nomade/src/main/java/com/nomade/domain/BeanPasswordReset.java
/home/adorsys/mongoWorkspace/nomade/src/main/java/com/nomade/email/NotificationServiceImpl.java
/home/adorsys/mongoWorkspace/nomade/src/main/java/com/nomade/service/VehiculeServiceImpl.java
/home/adorsys/mongoWorkspace/nomade/src/main/java/com/nomade/service/AlbumService.java
/home/adorsys/mongoWorkspace/nomade/src/main/java/com/nomade/service/ProfilServiceImpl.java
/home/adorsys/mongoWorkspace/nomade/src/main/java/com/nomade/domain/File_Roo_Mongo_Entity.aj
/home/adorsys/mongoWorkspace/nomade/src/main/java/com/nomade/web/AccountController_Roo_Controller.aj
/home/adorsys/mongoWorkspace/nomade/src/main/java/com/nomade/repository/EtapeVehiculeRepository.java
/home/adorsys/mongoWorkspace/nomade/src/main/java/com/nomade/domain/Album_Roo_Mongo_Entity.aj
/home/adorsys/mongoWorkspace/nomade/src/main/java/com/nomade/repository/FileRepository_Roo_Mongo_Repository.aj
/home/adorsys/mongoWorkspace/nomade/src/main/java/com/nomade/service/AlbumService_Roo_Service.aj
/home/adorsys/mongoWorkspace/nomade/src/main/java/com/nomade/service/FileService_Roo_Service.aj
/home/adorsys/mongoWorkspace/nomade/src/main/java/com/nomade/domain/EtapeVehicule.java
/home/adorsys/mongoWorkspace/nomade/src/main/java/com/nomade/service/AlbumServiceImpl_Roo_Service.aj
/home/adorsys/mongoWorkspace/nomade/src/main/java/com/nomade/domain/BeanNewItineraire_Roo_Serializable.aj
/home/adorsys/mongoWorkspace/nomade/src/main/java/com/nomade/domain/Vehicule_Roo_Mongo_Entity.aj
/home/adorsys/mongoWorkspace/nomade/src/main/java/com/nomade/domain/UserNomade.java
/home/adorsys/mongoWorkspace/nomade/src/main/java/com/nomade/domain/EtapeVehicule_Roo_Mongo_Entity.aj
/home/adorsys/mongoWorkspace/nomade/src/main/java/com/nomade/domain/Account_Roo_Mongo_Entity.aj
/home/adorsys/mongoWorkspace/nomade/src/main/java/com/nomade/service/AccountServiceImpl_Roo_Service.aj
/home/adorsys/mongoWorkspace/nomade/src/main/java/com/nomade/domain/Profil_Roo_Mongo_Entity.aj
/home/adorsys/mongoWorkspace/nomade/src/main/java/com/nomade/repository/EtapeVehiculeRepository_Roo_Mongo_Repository.aj
/home/adorsys/mongoWorkspace/nomade/src/main/java/com/nomade/web/FileController_Roo_Controller.aj
/home/adorsys/mongoWorkspace/nomade/src/main/java/com/nomade/web/AlbumController_Roo_Controller.aj
/home/adorsys/mongoWorkspace/nomade/src/main/java/com/nomade/domain/Gender.java
/home/adorsys/mongoWorkspace/nomade/src/main/java/com/nomade/web/ApplicationConversionServiceFactoryBean_Roo_ConversionService.aj
/home/adorsys/mongoWorkspace/nomade/src/main/java/com/nomade/email/NotificationService.java
/home/adorsys/mongoWorkspace/nomade/src/main/java/com/nomade/service/ProfilService.java
/home/adorsys/mongoWorkspace/nomade/src/main/java/com/nomade/service/FileServiceImpl.java
/home/adorsys/mongoWorkspace/nomade/src/main/java/com/nomade/repository/FileRepository.java
/home/adorsys/mongoWorkspace/nomade/src/main/java/com/nomade/domain/Profil.java
/home/adorsys/mongoWorkspace/nomade/src/main/java/com/nomade/web/UserController.java
/home/adorsys/mongoWorkspace/nomade/src/main/java/com/nomade/web/VehiculeController_Roo_Controller.aj
/home/adorsys/mongoWorkspace/nomade/src/main/java/com/nomade/domain/EtapeVehicule_Roo_ToString.aj
/home/adorsys/mongoWorkspace/nomade/src/main/java/com/nomade/domain/EtapeVoyage_Roo_JavaBean.aj
/home/adorsys/mongoWorkspace/nomade/src/main/java/com/nomade/service/AccountService_Roo_Service.aj
/home/adorsys/mongoWorkspace/nomade/src/main/java/com/nomade/appinit/ApplicationInitFilter.java
/home/adorsys/mongoWorkspace/nomade/src/main/java/com/nomade/repository/AccountRepository_Roo_Mongo_Repository.aj
/home/adorsys/mongoWorkspace/nomade/src/main/java/com/nomade/domain/Vehicule_Roo_JavaBean.aj
/home/adorsys/mongoWorkspace/nomade/src/main/java/com/nomade/service/AccountServiceImpl.java
/home/adorsys/mongoWorkspace/nomade/src/main/java/com/nomade/web/ProfilController.java
/home/adorsys/mongoWorkspace/nomade/src/main/java/com/nomade/service/UserServiceImpl_Roo_Service.aj
/home/adorsys/mongoWorkspace/nomade/src/main/java/com/nomade/repository/AccountRepository.java
/home/adorsys/mongoWorkspace/nomade/src/main/java/com/nomade/domain/File_Roo_ToString.aj
/home/adorsys/mongoWorkspace/nomade/src/main/java/com/nomade/service/EtapeVoyageService_Roo_Service.aj
/home/adorsys/mongoWorkspace/nomade/src/main/java/com/nomade/service/EtapeVehiculeServiceImpl.java
/home/adorsys/mongoWorkspace/nomade/src/main/java/com/nomade/service/LoginPathInterceptor.java
/home/adorsys/mongoWorkspace/nomade/src/main/java/com/nomade/web/EtapeVoyageController.java
